;  LST file generated by mikroListExporter - v.2.0 
; Date/Time: 30/06/2023 19:59:16
;----------------------------------------------

;Address Opcode 	ASM
0x0000	0xF003EF9E  	GOTO        1852
0x0004	0x0000      	NOP
0x0006	0x0000      	NOP
0x0008	0xF000EF00  	GOTO        0
0x000C	0x0000      	NOP
0x000E	0x0000      	NOP
0x0010	0x0000      	NOP
0x0012	0x0000      	NOP
0x0014	0x0000      	NOP
0x0016	0x0000      	NOP
0x0018	0xD7F3      	BRA         0
_Delay_5500us:
;__Lib_Delays.c,31 :: 		void Delay_5500us() {
;__Lib_Delays.c,32 :: 		Delay_us(5500);
0x001C	0x0E0F      	MOVLW       15
0x001E	0x6E0C      	MOVWF       R12, 0
0x0020	0x0E47      	MOVLW       71
0x0022	0x6E0D      	MOVWF       R13, 0
L_Delay_5500us5:
0x0024	0x2E0D      	DECFSZ      R13, 1, 0
0x0026	0xD7FE      	BRA         L_Delay_5500us5
0x0028	0x2E0C      	DECFSZ      R12, 1, 0
0x002A	0xD7FC      	BRA         L_Delay_5500us5
0x002C	0x0000      	NOP
0x002E	0x0000      	NOP
;__Lib_Delays.c,33 :: 		}
L_end_Delay_5500us:
0x0030	0x0012      	RETURN      0
; end of _Delay_5500us
_Delay_1us:
;__Lib_Delays.c,7 :: 		void Delay_1us() {
;__Lib_Delays.c,8 :: 		Delay_us(1);
0x0032	0x0000      	NOP
0x0034	0x0000      	NOP
;__Lib_Delays.c,9 :: 		}
L_end_Delay_1us:
0x0036	0x0012      	RETURN      0
; end of _Delay_1us
_Delay_50us:
;__Lib_Delays.c,19 :: 		void Delay_50us() {
;__Lib_Delays.c,20 :: 		Delay_us(50);
0x0038	0x0E21      	MOVLW       33
0x003A	0x6E0D      	MOVWF       R13, 0
L_Delay_50us2:
0x003C	0x2E0D      	DECFSZ      R13, 1, 0
0x003E	0xD7FE      	BRA         L_Delay_50us2
;__Lib_Delays.c,21 :: 		}
L_end_Delay_50us:
0x0040	0x0012      	RETURN      0
; end of _Delay_50us
_FIXSIGN32:
;__Lib_MathDouble.c,117 :: 		
;__Lib_MathDouble.c,121 :: 		
0x0042	0xAE0A      	BTFSS       R10, 7, 0
;__Lib_MathDouble.c,122 :: 		
0x0044	0x9E02      	BCF         R2, 7, 0
;__Lib_MathDouble.c,123 :: 		
0x0046	0x0E00      	MOVLW       0
;__Lib_MathDouble.c,125 :: 		
L_end_FIXSIGN32:
0x0048	0x0012      	RETURN      0
; end of _FIXSIGN32
_RES032:
;__Lib_MathDouble.c,128 :: 		
;__Lib_MathDouble.c,134 :: 		
0x004A	0x6A02      	CLRF        R2, 0
;__Lib_MathDouble.c,135 :: 		
0x004C	0x6A01      	CLRF        R1, 0
;__Lib_MathDouble.c,136 :: 		
0x004E	0x6A00      	CLRF        R0, 0
;__Lib_MathDouble.c,137 :: 		
0x0050	0x6A08      	CLRF        R8, 0
;__Lib_MathDouble.c,138 :: 		
0x0052	0x6A03      	CLRF        R3, 0
;__Lib_MathDouble.c,139 :: 		
0x0054	0x0E00      	MOVLW       0
;__Lib_MathDouble.c,141 :: 		
L_end_RES032:
0x0056	0x0012      	RETURN      0
; end of _RES032
_SETFUN32:
;__Lib_MathDouble.c,144 :: 		
;__Lib_MathDouble.c,152 :: 		
0x0058	0x840B      	BSF         R11, 2, 0
;__Lib_MathDouble.c,153 :: 		
0x005A	0xAE0B      	BTFSS       R11, 7, 0
;__Lib_MathDouble.c,154 :: 		
0x005C	0xF000EF37  	GOTO        SETFUN32EEE
;__Lib_MathDouble.c,156 :: 		
0x0060	0x0E01      	MOVLW       1
;__Lib_MathDouble.c,157 :: 		
0x0062	0x6E03      	MOVWF       R3, 0
;__Lib_MathDouble.c,158 :: 		
0x0064	0x6A02      	CLRF        R2, 0
;__Lib_MathDouble.c,159 :: 		
0x0066	0x6A01      	CLRF        R1, 0
;__Lib_MathDouble.c,160 :: 		
0x0068	0x6A00      	CLRF        R0, 0
;__Lib_MathDouble.c,161 :: 		
0x006A	0x360A      	RLCF        R10, 1, 0
;__Lib_MathDouble.c,162 :: 		
0x006C	0x3202      	RRCF        R2, 1, 0
;__Lib_MathDouble.c,163 :: 		
SETFUN32EEE:
;__Lib_MathDouble.c,164 :: 		
0x006E	0x0EFF      	MOVLW       255
;__Lib_MathDouble.c,166 :: 		
L_end_SETFUN32:
0x0070	0x0012      	RETURN      0
; end of _SETFUN32
_Lcd_Cmd:
;__Lib_Lcd.c,18 :: 		
;__Lib_Lcd.c,20 :: 		
0x0072	0xBE48      	BTFSC       FARG_Lcd_Cmd_out_char, 7 
0x0074	0xD002      	BRA         L__Lcd_Cmd21
0x0076	0x9E83      	BCF         LCD_D7, BitPos(LCD_D7+0) 
0x0078	0xD001      	BRA         L__Lcd_Cmd22
L__Lcd_Cmd21:
0x007A	0x8E83      	BSF         LCD_D7, BitPos(LCD_D7+0) 
L__Lcd_Cmd22:
;__Lib_Lcd.c,21 :: 		
0x007C	0xBC48      	BTFSC       FARG_Lcd_Cmd_out_char, 6 
0x007E	0xD002      	BRA         L__Lcd_Cmd23
0x0080	0x9C83      	BCF         LCD_D6, BitPos(LCD_D6+0) 
0x0082	0xD001      	BRA         L__Lcd_Cmd24
L__Lcd_Cmd23:
0x0084	0x8C83      	BSF         LCD_D6, BitPos(LCD_D6+0) 
L__Lcd_Cmd24:
;__Lib_Lcd.c,22 :: 		
0x0086	0xBA48      	BTFSC       FARG_Lcd_Cmd_out_char, 5 
0x0088	0xD002      	BRA         L__Lcd_Cmd25
0x008A	0x9A83      	BCF         LCD_D5, BitPos(LCD_D5+0) 
0x008C	0xD001      	BRA         L__Lcd_Cmd26
L__Lcd_Cmd25:
0x008E	0x8A83      	BSF         LCD_D5, BitPos(LCD_D5+0) 
L__Lcd_Cmd26:
;__Lib_Lcd.c,23 :: 		
0x0090	0xB848      	BTFSC       FARG_Lcd_Cmd_out_char, 4 
0x0092	0xD002      	BRA         L__Lcd_Cmd27
0x0094	0x9883      	BCF         LCD_D4, BitPos(LCD_D4+0) 
0x0096	0xD001      	BRA         L__Lcd_Cmd28
L__Lcd_Cmd27:
0x0098	0x8883      	BSF         LCD_D4, BitPos(LCD_D4+0) 
L__Lcd_Cmd28:
;__Lib_Lcd.c,25 :: 		
0x009A	0xB02B      	BTFSC       __Lib_Lcd_cmd_status, BitPos(__Lib_Lcd_cmd_status+0) 
0x009C	0xD002      	BRA         L__Lcd_Cmd29
0x009E	0x8484      	BSF         LCD_RS, BitPos(LCD_RS+0) 
0x00A0	0xD001      	BRA         L__Lcd_Cmd30
L__Lcd_Cmd29:
0x00A2	0x9484      	BCF         LCD_RS, BitPos(LCD_RS+0) 
L__Lcd_Cmd30:
;__Lib_Lcd.c,28 :: 		
0x00A4	0x8284      	BSF         LCD_EN, BitPos(LCD_EN+0) 
;__Lib_Lcd.c,29 :: 		
0x00A6	0xDFC5      	RCALL       _Delay_1us
;__Lib_Lcd.c,30 :: 		
0x00A8	0x9284      	BCF         LCD_EN, BitPos(LCD_EN+0) 
;__Lib_Lcd.c,33 :: 		
0x00AA	0xB648      	BTFSC       FARG_Lcd_Cmd_out_char, 3 
0x00AC	0xD002      	BRA         L__Lcd_Cmd31
0x00AE	0x9E83      	BCF         LCD_D7, BitPos(LCD_D7+0) 
0x00B0	0xD001      	BRA         L__Lcd_Cmd32
L__Lcd_Cmd31:
0x00B2	0x8E83      	BSF         LCD_D7, BitPos(LCD_D7+0) 
L__Lcd_Cmd32:
;__Lib_Lcd.c,34 :: 		
0x00B4	0xB448      	BTFSC       FARG_Lcd_Cmd_out_char, 2 
0x00B6	0xD002      	BRA         L__Lcd_Cmd33
0x00B8	0x9C83      	BCF         LCD_D6, BitPos(LCD_D6+0) 
0x00BA	0xD001      	BRA         L__Lcd_Cmd34
L__Lcd_Cmd33:
0x00BC	0x8C83      	BSF         LCD_D6, BitPos(LCD_D6+0) 
L__Lcd_Cmd34:
;__Lib_Lcd.c,35 :: 		
0x00BE	0xB248      	BTFSC       FARG_Lcd_Cmd_out_char, 1 
0x00C0	0xD002      	BRA         L__Lcd_Cmd35
0x00C2	0x9A83      	BCF         LCD_D5, BitPos(LCD_D5+0) 
0x00C4	0xD001      	BRA         L__Lcd_Cmd36
L__Lcd_Cmd35:
0x00C6	0x8A83      	BSF         LCD_D5, BitPos(LCD_D5+0) 
L__Lcd_Cmd36:
;__Lib_Lcd.c,36 :: 		
0x00C8	0xB048      	BTFSC       FARG_Lcd_Cmd_out_char, 0 
0x00CA	0xD002      	BRA         L__Lcd_Cmd37
0x00CC	0x9883      	BCF         LCD_D4, BitPos(LCD_D4+0) 
0x00CE	0xD001      	BRA         L__Lcd_Cmd38
L__Lcd_Cmd37:
0x00D0	0x8883      	BSF         LCD_D4, BitPos(LCD_D4+0) 
L__Lcd_Cmd38:
;__Lib_Lcd.c,38 :: 		
0x00D2	0xB02B      	BTFSC       __Lib_Lcd_cmd_status, BitPos(__Lib_Lcd_cmd_status+0) 
0x00D4	0xD002      	BRA         L__Lcd_Cmd39
0x00D6	0x8484      	BSF         LCD_RS, BitPos(LCD_RS+0) 
0x00D8	0xD001      	BRA         L__Lcd_Cmd40
L__Lcd_Cmd39:
0x00DA	0x9484      	BCF         LCD_RS, BitPos(LCD_RS+0) 
L__Lcd_Cmd40:
;__Lib_Lcd.c,40 :: 		
0x00DC	0x8284      	BSF         LCD_EN, BitPos(LCD_EN+0) 
;__Lib_Lcd.c,41 :: 		
0x00DE	0xDFA9      	RCALL       _Delay_1us
;__Lib_Lcd.c,42 :: 		
0x00E0	0x9284      	BCF         LCD_EN, BitPos(LCD_EN+0) 
;__Lib_Lcd.c,44 :: 		
0x00E2	0xA02B      	BTFSS       __Lib_Lcd_cmd_status, BitPos(__Lib_Lcd_cmd_status+0) 
0x00E4	0xD002      	BRA         L_Lcd_Cmd0
;__Lib_Lcd.c,45 :: 		
0x00E6	0xDF9A      	RCALL       _Delay_5500us
0x00E8	0xD001      	BRA         L_Lcd_Cmd1
L_Lcd_Cmd0:
;__Lib_Lcd.c,47 :: 		
0x00EA	0xDFA6      	RCALL       _Delay_50us
L_Lcd_Cmd1:
;__Lib_Lcd.c,48 :: 		
L_end_Lcd_Cmd:
0x00EC	0x0012      	RETURN      0
; end of _Lcd_Cmd
_SETFOV32:
;__Lib_MathDouble.c,82 :: 		
;__Lib_MathDouble.c,90 :: 		
0x00EE	0x820B      	BSF         R11, 1, 0
;__Lib_MathDouble.c,91 :: 		
0x00F0	0xAE0B      	BTFSS       R11, 7, 0
;__Lib_MathDouble.c,92 :: 		
0x00F2	0xF000EF81  	GOTO        SETFOV32EEE
;__Lib_MathDouble.c,94 :: 		
0x00F6	0x6803      	SETF        R3, 0
;__Lib_MathDouble.c,95 :: 		
0x00F8	0x6802      	SETF        R2, 0
;__Lib_MathDouble.c,96 :: 		
0x00FA	0x6801      	SETF        R1, 0
;__Lib_MathDouble.c,97 :: 		
0x00FC	0x6800      	SETF        R0, 0
;__Lib_MathDouble.c,98 :: 		
0x00FE	0x360A      	RLCF        R10, 1, 0
;__Lib_MathDouble.c,99 :: 		
0x0100	0x3202      	RRCF        R2, 1, 0
;__Lib_MathDouble.c,100 :: 		
SETFOV32EEE:
;__Lib_MathDouble.c,101 :: 		
0x0102	0x0EFF      	MOVLW       255
;__Lib_MathDouble.c,103 :: 		
L_end_SETFOV32:
0x0104	0x0012      	RETURN      0
; end of _SETFOV32
_Delay_500us:
;__Lib_Delays.c,27 :: 		void Delay_500us() {
;__Lib_Delays.c,28 :: 		Delay_us(498);
0x0106	0x0E02      	MOVLW       2
0x0108	0x6E0C      	MOVWF       R12, 0
0x010A	0x0E49      	MOVLW       73
0x010C	0x6E0D      	MOVWF       R13, 0
L_Delay_500us4:
0x010E	0x2E0D      	DECFSZ      R13, 1, 0
0x0110	0xD7FE      	BRA         L_Delay_500us4
0x0112	0x2E0C      	DECFSZ      R12, 1, 0
0x0114	0xD7FC      	BRA         L_Delay_500us4
0x0116	0x0000      	NOP
0x0118	0x0000      	NOP
;__Lib_Delays.c,29 :: 		}
L_end_Delay_500us:
0x011A	0x0012      	RETURN      0
; end of _Delay_500us
_Delay_22us:
;__Lib_Delays.c,15 :: 		void Delay_22us() {
;__Lib_Delays.c,16 :: 		Delay_us(22);
0x011C	0x0E0E      	MOVLW       14
0x011E	0x6E0D      	MOVWF       R13, 0
L_Delay_22us1:
0x0120	0x2E0D      	DECFSZ      R13, 1, 0
0x0122	0xD7FE      	BRA         L_Delay_22us1
0x0124	0x0000      	NOP
;__Lib_Delays.c,17 :: 		}
L_end_Delay_22us:
0x0126	0x0012      	RETURN      0
; end of _Delay_22us
_Div_16X16_U:
;__Lib_Math.c,102 :: 		
;__Lib_Math.c,109 :: 		
0x0128	0x6A08      	CLRF        R8, 0
;__Lib_Math.c,110 :: 		
0x012A	0x6A09      	CLRF        R9, 0
;__Lib_Math.c,111 :: 		
0x012C	0x0E10      	MOVLW       16
;__Lib_Math.c,112 :: 		
0x012E	0x6E0C      	MOVWF       R12, 0
;__Lib_Math.c,113 :: 		
0x0130	0x3401      	RLCF        R1, 0, 0
;__Lib_Math.c,114 :: 		
0x0132	0x3608      	RLCF        R8, 1, 0
;__Lib_Math.c,115 :: 		
0x0134	0x3609      	RLCF        R9, 1, 0
;__Lib_Math.c,116 :: 		
0x0136	0x5004      	MOVF        R4, 0, 0
;__Lib_Math.c,117 :: 		
0x0138	0x5E08      	SUBWF       R8, 1, 0
;__Lib_Math.c,118 :: 		
0x013A	0x5005      	MOVF        R5, 0, 0
;__Lib_Math.c,119 :: 		
0x013C	0xA0D8      	BTFSS       STATUS, 0, 0
;__Lib_Math.c,120 :: 		
0x013E	0x3C05      	INCFSZ      R5, 0, 0
;__Lib_Math.c,121 :: 		
0x0140	0x5E09      	SUBWF       R9, 1, 0
;__Lib_Math.c,122 :: 		
0x0142	0xB0D8      	BTFSC       STATUS, 0, 0
;__Lib_Math.c,123 :: 		
0x0144	0xD007      	BRA         $+16
;__Lib_Math.c,124 :: 		
0x0146	0x5004      	MOVF        R4, 0, 0
;__Lib_Math.c,125 :: 		
0x0148	0x2608      	ADDWF       R8, 1, 0
;__Lib_Math.c,126 :: 		
0x014A	0x5005      	MOVF        R5, 0, 0
;__Lib_Math.c,127 :: 		
0x014C	0xB0D8      	BTFSC       STATUS, 0, 0
;__Lib_Math.c,128 :: 		
0x014E	0x3C05      	INCFSZ      R5, 0, 0
;__Lib_Math.c,129 :: 		
0x0150	0x2609      	ADDWF       R9, 1, 0
;__Lib_Math.c,130 :: 		
0x0152	0x90D8      	BCF         STATUS, 0, 0
;__Lib_Math.c,131 :: 		
0x0154	0x3600      	RLCF        R0, 1, 0
;__Lib_Math.c,132 :: 		
0x0156	0x3601      	RLCF        R1, 1, 0
;__Lib_Math.c,133 :: 		
0x0158	0x2E0C      	DECFSZ      R12, 1, 0
;__Lib_Math.c,134 :: 		
0x015A	0xD7EA      	BRA         $-42
;__Lib_Math.c,136 :: 		
L_end_Div_16X16_U:
0x015C	0x0012      	RETURN      0
; end of _Div_16X16_U
_SETIOV3224:
;__Lib_MathDouble.c,530 :: 		
;__Lib_MathDouble.c,537 :: 		
0x015E	0x800B      	BSF         R11, 0, 0
;__Lib_MathDouble.c,538 :: 		
0x0160	0xAE0B      	BTFSS       R11, 7, 0
;__Lib_MathDouble.c,539 :: 		
0x0162	0xF000EFBB  	GOTO        SETIOV3224EEE
;__Lib_MathDouble.c,541 :: 		
0x0166	0x6A02      	CLRF        R2, 0
;__Lib_MathDouble.c,542 :: 		
0x0168	0xAE0A      	BTFSS       R10, 7, 0
;__Lib_MathDouble.c,543 :: 		
0x016A	0x0EFF      	MOVLW       255
;__Lib_MathDouble.c,544 :: 		
0x016C	0x6E02      	MOVWF       R2, 0
;__Lib_MathDouble.c,545 :: 		
0x016E	0x6E01      	MOVWF       R1, 0
;__Lib_MathDouble.c,546 :: 		
0x0170	0x6E00      	MOVWF       R0, 0
;__Lib_MathDouble.c,547 :: 		
0x0172	0x360A      	RLCF        R10, 1, 0
;__Lib_MathDouble.c,548 :: 		
0x0174	0x3202      	RRCF        R2, 1, 0
;__Lib_MathDouble.c,549 :: 		
SETIOV3224EEE:
;__Lib_MathDouble.c,550 :: 		
0x0176	0x0EFF      	MOVLW       255
;__Lib_MathDouble.c,552 :: 		
L_end_SETIOV3224:
0x0178	0x0012      	RETURN      0
; end of _SETIOV3224
_NRM3232:
;__Lib_MathDouble.c,455 :: 		
;__Lib_MathDouble.c,463 :: 		
0x017A	0x6A0C      	CLRF        R12, 0
;__Lib_MathDouble.c,464 :: 		
0x017C	0x6A0E      	CLRF        R14, 0
;__Lib_MathDouble.c,465 :: 		
0x017E	0x5002      	MOVF        R2, 0, 0
;__Lib_MathDouble.c,466 :: 		
0x0180	0xA4D8      	BTFSS       STATUS, 2, 0
;__Lib_MathDouble.c,467 :: 		
0x0182	0xF000EFD6  	GOTO        NORM3232
;__Lib_MathDouble.c,468 :: 		
0x0186	0xF002C001  	MOVFF       R1, R2
;__Lib_MathDouble.c,469 :: 		
0x018A	0xF001C000  	MOVFF       R0, R1
;__Lib_MathDouble.c,470 :: 		
0x018E	0x6A00      	CLRF        R0, 0
;__Lib_MathDouble.c,471 :: 		
0x0190	0x860E      	BSF         R14, 3, 0
;__Lib_MathDouble.c,473 :: 		
0x0192	0x5002      	MOVF        R2, 0, 0
;__Lib_MathDouble.c,474 :: 		
0x0194	0xA4D8      	BTFSS       STATUS, 2, 0
;__Lib_MathDouble.c,475 :: 		
0x0196	0xF000EFD6  	GOTO        NORM3232
;__Lib_MathDouble.c,476 :: 		
0x019A	0xF002C001  	MOVFF       R1, R2
;__Lib_MathDouble.c,477 :: 		
0x019E	0x6A01      	CLRF        R1, 0
;__Lib_MathDouble.c,478 :: 		
0x01A0	0x960E      	BCF         R14, 3, 0
;__Lib_MathDouble.c,479 :: 		
0x01A2	0x880E      	BSF         R14, 4, 0
;__Lib_MathDouble.c,481 :: 		
0x01A4	0x5002      	MOVF        R2, 0, 0
;__Lib_MathDouble.c,482 :: 		
0x01A6	0xB4D8      	BTFSC       STATUS, 2, 0
;__Lib_MathDouble.c,483 :: 		
0x01A8	0xF000EFE8  	GOTO        JPNRES032
;__Lib_MathDouble.c,484 :: 		
NORM3232:
;__Lib_MathDouble.c,485 :: 		
0x01AC	0x500E      	MOVF        R14, 0, 0
;__Lib_MathDouble.c,486 :: 		
0x01AE	0x5E03      	SUBWF       R3, 1, 0
;__Lib_MathDouble.c,487 :: 		
0x01B0	0xA4D8      	BTFSS       STATUS, 2, 0
;__Lib_MathDouble.c,488 :: 		
0x01B2	0xA0D8      	BTFSS       STATUS, 0, 0
;__Lib_MathDouble.c,489 :: 		
0x01B4	0xF000EFED  	GOTO        JPNSETFUN32
;__Lib_MathDouble.c,490 :: 		
0x01B8	0x90D8      	BCF         STATUS, 0, 0
;__Lib_MathDouble.c,491 :: 		
NORM3232A:
;__Lib_MathDouble.c,492 :: 		
0x01BA	0xBE02      	BTFSC       R2, 7, 0
;__Lib_MathDouble.c,493 :: 		
0x01BC	0xF000EFF2  	GOTO        JMPNFIXSIGN32
;__Lib_MathDouble.c,494 :: 		
0x01C0	0x3600      	RLCF        R0, 1, 0
;__Lib_MathDouble.c,495 :: 		
0x01C2	0x3601      	RLCF        R1, 1, 0
;__Lib_MathDouble.c,496 :: 		
0x01C4	0x3602      	RLCF        R2, 1, 0
;__Lib_MathDouble.c,497 :: 		
0x01C6	0x2E03      	DECFSZ      R3, 1, 0
;__Lib_MathDouble.c,498 :: 		
0x01C8	0xF000EFDD  	GOTO        NORM3232A
;__Lib_MathDouble.c,499 :: 		
0x01CC	0xF000EFED  	GOTO        JPNSETFUN32
;__Lib_MathDouble.c,500 :: 		
JPNRES032:
;__Lib_MathDouble.c,501 :: 		
0x01D0	0x0E01      	MOVLW       1
;__Lib_MathDouble.c,502 :: 		
0x01D2	0x6E0C      	MOVWF       R12, 0
;__Lib_MathDouble.c,504 :: 		
0x01D4	0xDF3A      	RCALL       _RES032
;__Lib_MathDouble.c,506 :: 		
0x01D6	0xF000EFF5  	GOTO        NORM32EEE
;__Lib_MathDouble.c,507 :: 		
JPNSETFUN32:
;__Lib_MathDouble.c,508 :: 		
0x01DA	0x0E02      	MOVLW       2
;__Lib_MathDouble.c,509 :: 		
0x01DC	0x6E0C      	MOVWF       R12, 0
;__Lib_MathDouble.c,511 :: 		
0x01DE	0xDF3C      	RCALL       _SETFUN32
;__Lib_MathDouble.c,513 :: 		
0x01E0	0xF000EFF5  	GOTO        NORM32EEE
;__Lib_MathDouble.c,514 :: 		
JMPNFIXSIGN32:
;__Lib_MathDouble.c,515 :: 		
0x01E4	0x0E04      	MOVLW       4
;__Lib_MathDouble.c,516 :: 		
0x01E6	0x6E0C      	MOVWF       R12, 0
;__Lib_MathDouble.c,518 :: 		
0x01E8	0xDF2C      	RCALL       _FIXSIGN32
;__Lib_MathDouble.c,520 :: 		
NORM32EEE:
;__Lib_MathDouble.c,527 :: 		
L_end_NRM3232:
0x01EA	0x0012      	RETURN      0
; end of _NRM3232
_Lcd_Chr_CP:
;__Lib_Lcd.c,50 :: 		
;__Lib_Lcd.c,52 :: 		
0x01EC	0x902B      	BCF         __Lib_Lcd_cmd_status, BitPos(__Lib_Lcd_cmd_status+0) 
;__Lib_Lcd.c,53 :: 		
0x01EE	0xF048C047  	MOVFF       FARG_Lcd_Chr_CP_out_char, FARG_Lcd_Cmd_out_char
0x01F2	0xDF3F      	RCALL       _Lcd_Cmd
;__Lib_Lcd.c,54 :: 		
0x01F4	0x802B      	BSF         __Lib_Lcd_cmd_status, BitPos(__Lib_Lcd_cmd_status+0) 
;__Lib_Lcd.c,55 :: 		
L_end_Lcd_Chr_CP:
0x01F6	0x0012      	RETURN      0
; end of _Lcd_Chr_CP
_Mul_16X16_U:
;__Lib_Math.c,440 :: 		
;__Lib_Math.c,447 :: 		
0x01F8	0x6A0B      	CLRF        R11, 0
;__Lib_Math.c,448 :: 		
0x01FA	0x6A0A      	CLRF        R10, 0
;__Lib_Math.c,449 :: 		
0x01FC	0x6A09      	CLRF        R9, 0
;__Lib_Math.c,450 :: 		
0x01FE	0x5000      	MOVF        R0, 0, 0
;__Lib_Math.c,451 :: 		
0x0200	0x0204      	MULWF       R4, 0
;__Lib_Math.c,453 :: 		
0x0202	0xF009CFF4  	MOVFF       PRODH, R9
;__Lib_Math.c,454 :: 		
0x0206	0xF008CFF3  	MOVFF       PRODL, R8
;__Lib_Math.c,455 :: 		
0x020A	0x5001      	MOVF        R1, 0, 0
;__Lib_Math.c,456 :: 		
0x020C	0x0205      	MULWF       R5, 0
;__Lib_Math.c,458 :: 		
0x020E	0xF00BCFF4  	MOVFF       PRODH, R11
;__Lib_Math.c,459 :: 		
0x0212	0xF00ACFF3  	MOVFF       PRODL, R10
;__Lib_Math.c,460 :: 		
0x0216	0x5000      	MOVF        R0, 0, 0
;__Lib_Math.c,461 :: 		
0x0218	0x0205      	MULWF       R5, 0
;__Lib_Math.c,463 :: 		
0x021A	0x50F3      	MOVF        PRODL, 0, 0
;__Lib_Math.c,464 :: 		
0x021C	0x2609      	ADDWF       R9, 1, 0
;__Lib_Math.c,465 :: 		
0x021E	0x50F4      	MOVF        PRODH, 0, 0
;__Lib_Math.c,466 :: 		
0x0220	0x220A      	ADDWFC      R10, 1, 0
;__Lib_Math.c,467 :: 		
0x0222	0x6AE8      	CLRF        WREG, 0
;__Lib_Math.c,468 :: 		
0x0224	0x220B      	ADDWFC      R11, 1, 0
;__Lib_Math.c,469 :: 		
0x0226	0x5001      	MOVF        R1, 0, 0
;__Lib_Math.c,470 :: 		
0x0228	0x0204      	MULWF       R4, 0
;__Lib_Math.c,472 :: 		
0x022A	0x50F3      	MOVF        PRODL, 0, 0
;__Lib_Math.c,473 :: 		
0x022C	0x2609      	ADDWF       R9, 1, 0
;__Lib_Math.c,474 :: 		
0x022E	0x50F4      	MOVF        PRODH, 0, 0
;__Lib_Math.c,475 :: 		
0x0230	0x220A      	ADDWFC      R10, 1, 0
;__Lib_Math.c,476 :: 		
0x0232	0x6AE8      	CLRF        WREG, 0
;__Lib_Math.c,477 :: 		
0x0234	0x220B      	ADDWFC      R11, 1, 0
;__Lib_Math.c,479 :: 		
0x0236	0xF000C008  	MOVFF       R8, R0
;__Lib_Math.c,480 :: 		
0x023A	0xF001C009  	MOVFF       R9, R1
;__Lib_Math.c,481 :: 		
0x023E	0xF002C00A  	MOVFF       R10, R2
;__Lib_Math.c,482 :: 		
0x0242	0xF003C00B  	MOVFF       R11, R3
;__Lib_Math.c,485 :: 		
L_end_Mul_16X16_U:
0x0246	0x0012      	RETURN      0
; end of _Mul_16X16_U
_PWM1_Set_Duty:
;__Lib_PWM_c21.c,42 :: 		
;__Lib_PWM_c21.c,46 :: 		
0x0248	0x50CB      	MOVF        PR2, 0 
0x024A	0x0F01      	ADDLW       1
0x024C	0x6E00      	MOVWF       R0 
0x024E	0x6A01      	CLRF        R1 
0x0250	0x0E00      	MOVLW       0
0x0252	0x2201      	ADDWFC      R1, 1 
0x0254	0xF004C040  	MOVFF       FARG_PWM1_Set_Duty_new_duty, R4
0x0258	0x0E00      	MOVLW       0
0x025A	0x6E05      	MOVWF       R5 
0x025C	0xDFCD      	RCALL       _Mul_16X16_U
0x025E	0x0E06      	MOVLW       6
0x0260	0x6E02      	MOVWF       R2 
0x0262	0xF004C000  	MOVFF       R0, R4
0x0266	0xF005C001  	MOVFF       R1, R5
0x026A	0x5002      	MOVF        R2, 0 
L__PWM1_Set_Duty10:
0x026C	0xE005      	BZ          L__PWM1_Set_Duty11
0x026E	0x3205      	RRCF        R5, 1 
0x0270	0x3204      	RRCF        R4, 1 
0x0272	0x9E05      	BCF         R5, 7 
0x0274	0x0FFF      	ADDLW       255
0x0276	0xD7FA      	BRA         L__PWM1_Set_Duty10
L__PWM1_Set_Duty11:
;__Lib_PWM_c21.c,47 :: 		
0x0278	0x0E04      	MOVLW       4
0x027A	0x6E01      	MOVWF       R1 
0x027C	0xF000C004  	MOVFF       R4, R0
0x0280	0x5001      	MOVF        R1, 0 
L__PWM1_Set_Duty12:
0x0282	0xE004      	BZ          L__PWM1_Set_Duty13
0x0284	0x3600      	RLCF        R0, 1 
0x0286	0x9000      	BCF         R0, 0 
0x0288	0x0FFF      	ADDLW       255
0x028A	0xD7FB      	BRA         L__PWM1_Set_Duty12
L__PWM1_Set_Duty13:
0x028C	0x0E30      	MOVLW       48
0x028E	0x1400      	ANDWF       R0, 0 
0x0290	0x6E03      	MOVWF       R3 
;__Lib_PWM_c21.c,48 :: 		
0x0292	0xF000C004  	MOVFF       R4, R0
0x0296	0xF001C005  	MOVFF       R5, R1
0x029A	0x3201      	RRCF        R1, 1 
0x029C	0x3200      	RRCF        R0, 1 
0x029E	0x9E01      	BCF         R1, 7 
0x02A0	0x3201      	RRCF        R1, 1 
0x02A2	0x3200      	RRCF        R0, 1 
0x02A4	0x9E01      	BCF         R1, 7 
0x02A6	0xFFBEC000  	MOVFF       R0, CCPR1L
;__Lib_PWM_c21.c,49 :: 		
0x02AA	0x0E0F      	MOVLW       15
0x02AC	0x16BD      	ANDWF       CCP1CON, 1 
;__Lib_PWM_c21.c,50 :: 		
0x02AE	0x5003      	MOVF        R3, 0 
0x02B0	0x12BD      	IORWF       CCP1CON, 1 
;__Lib_PWM_c21.c,51 :: 		
L_end_PWM1_Set_Duty:
0x02B2	0x0012      	RETURN      0
; end of _PWM1_Set_Duty
_Lcd_Init:
;__Lib_Lcd.c,84 :: 		
;__Lib_Lcd.c,86 :: 		
0x02B4	0x9296      	BCF         LCD_EN_Direction, BitPos(LCD_EN_Direction+0) 
;__Lib_Lcd.c,87 :: 		
0x02B6	0x9496      	BCF         LCD_RS_Direction, BitPos(LCD_RS_Direction+0) 
;__Lib_Lcd.c,88 :: 		
0x02B8	0x9895      	BCF         LCD_D4_Direction, BitPos(LCD_D4_Direction+0) 
;__Lib_Lcd.c,89 :: 		
0x02BA	0x9A95      	BCF         LCD_D5_Direction, BitPos(LCD_D5_Direction+0) 
;__Lib_Lcd.c,90 :: 		
0x02BC	0x9C95      	BCF         LCD_D6_Direction, BitPos(LCD_D6_Direction+0) 
;__Lib_Lcd.c,91 :: 		
0x02BE	0x9E95      	BCF         LCD_D7_Direction, BitPos(LCD_D7_Direction+0) 
;__Lib_Lcd.c,93 :: 		
0x02C0	0x9284      	BCF         LCD_EN, BitPos(LCD_EN+0) 
;__Lib_Lcd.c,94 :: 		
0x02C2	0x9484      	BCF         LCD_RS, BitPos(LCD_RS+0) 
;__Lib_Lcd.c,95 :: 		
0x02C4	0x9E83      	BCF         LCD_D7, BitPos(LCD_D7+0) 
;__Lib_Lcd.c,96 :: 		
0x02C6	0x9C83      	BCF         LCD_D6, BitPos(LCD_D6+0) 
;__Lib_Lcd.c,97 :: 		
0x02C8	0x9A83      	BCF         LCD_D5, BitPos(LCD_D5+0) 
;__Lib_Lcd.c,98 :: 		
0x02CA	0x9883      	BCF         LCD_D4, BitPos(LCD_D4+0) 
;__Lib_Lcd.c,100 :: 		
0x02CC	0xDEA7      	RCALL       _Delay_5500us
;__Lib_Lcd.c,101 :: 		
0x02CE	0xDEA6      	RCALL       _Delay_5500us
;__Lib_Lcd.c,102 :: 		
0x02D0	0xDEA5      	RCALL       _Delay_5500us
;__Lib_Lcd.c,105 :: 		
0x02D2	0x8A83      	BSF         LCD_D5, BitPos(LCD_D5+0) 
;__Lib_Lcd.c,106 :: 		
0x02D4	0x8883      	BSF         LCD_D4, BitPos(LCD_D4+0) 
;__Lib_Lcd.c,107 :: 		
0x02D6	0x8284      	BSF         LCD_EN, BitPos(LCD_EN+0) 
;__Lib_Lcd.c,108 :: 		
0x02D8	0xDEAC      	RCALL       _Delay_1us
;__Lib_Lcd.c,109 :: 		
0x02DA	0x9284      	BCF         LCD_EN, BitPos(LCD_EN+0) 
;__Lib_Lcd.c,110 :: 		
0x02DC	0xDE9F      	RCALL       _Delay_5500us
;__Lib_Lcd.c,112 :: 		
0x02DE	0x8284      	BSF         LCD_EN, BitPos(LCD_EN+0) 
;__Lib_Lcd.c,113 :: 		
0x02E0	0xDEA8      	RCALL       _Delay_1us
;__Lib_Lcd.c,114 :: 		
0x02E2	0x9284      	BCF         LCD_EN, BitPos(LCD_EN+0) 
;__Lib_Lcd.c,115 :: 		
0x02E4	0xDE9B      	RCALL       _Delay_5500us
;__Lib_Lcd.c,117 :: 		
0x02E6	0x8284      	BSF         LCD_EN, BitPos(LCD_EN+0) 
;__Lib_Lcd.c,118 :: 		
0x02E8	0xDEA4      	RCALL       _Delay_1us
;__Lib_Lcd.c,119 :: 		
0x02EA	0x9284      	BCF         LCD_EN, BitPos(LCD_EN+0) 
;__Lib_Lcd.c,120 :: 		
0x02EC	0xDE97      	RCALL       _Delay_5500us
;__Lib_Lcd.c,123 :: 		
0x02EE	0x9883      	BCF         LCD_D4, BitPos(LCD_D4+0) 
;__Lib_Lcd.c,124 :: 		
0x02F0	0x8284      	BSF         LCD_EN, BitPos(LCD_EN+0) 
;__Lib_Lcd.c,125 :: 		
0x02F2	0xDE9F      	RCALL       _Delay_1us
;__Lib_Lcd.c,126 :: 		
0x02F4	0x9284      	BCF         LCD_EN, BitPos(LCD_EN+0) 
;__Lib_Lcd.c,127 :: 		
0x02F6	0xDE92      	RCALL       _Delay_5500us
;__Lib_Lcd.c,130 :: 		
0x02F8	0x8284      	BSF         LCD_EN, BitPos(LCD_EN+0) 
;__Lib_Lcd.c,131 :: 		
0x02FA	0xDE9B      	RCALL       _Delay_1us
;__Lib_Lcd.c,132 :: 		
0x02FC	0x9284      	BCF         LCD_EN, BitPos(LCD_EN+0) 
;__Lib_Lcd.c,134 :: 		
0x02FE	0x9A83      	BCF         LCD_D5, BitPos(LCD_D5+0) 
;__Lib_Lcd.c,135 :: 		
0x0300	0x8E83      	BSF         LCD_D7, BitPos(LCD_D7+0) 
;__Lib_Lcd.c,136 :: 		
0x0302	0x8284      	BSF         LCD_EN, BitPos(LCD_EN+0) 
;__Lib_Lcd.c,137 :: 		
0x0304	0xDE96      	RCALL       _Delay_1us
;__Lib_Lcd.c,138 :: 		
0x0306	0x9284      	BCF         LCD_EN, BitPos(LCD_EN+0) 
;__Lib_Lcd.c,139 :: 		
0x0308	0xDE89      	RCALL       _Delay_5500us
;__Lib_Lcd.c,142 :: 		
0x030A	0x9E83      	BCF         LCD_D7, BitPos(LCD_D7+0) 
;__Lib_Lcd.c,143 :: 		
0x030C	0x8883      	BSF         LCD_D4, BitPos(LCD_D4+0) 
;__Lib_Lcd.c,144 :: 		
0x030E	0x8284      	BSF         LCD_EN, BitPos(LCD_EN+0) 
;__Lib_Lcd.c,145 :: 		
0x0310	0xDE90      	RCALL       _Delay_1us
;__Lib_Lcd.c,146 :: 		
0x0312	0x9284      	BCF         LCD_EN, BitPos(LCD_EN+0) 
;__Lib_Lcd.c,148 :: 		
0x0314	0x9883      	BCF         LCD_D4, BitPos(LCD_D4+0) 
;__Lib_Lcd.c,149 :: 		
0x0316	0x8284      	BSF         LCD_EN, BitPos(LCD_EN+0) 
;__Lib_Lcd.c,150 :: 		
0x0318	0xDE8C      	RCALL       _Delay_1us
;__Lib_Lcd.c,151 :: 		
0x031A	0x9284      	BCF         LCD_EN, BitPos(LCD_EN+0) 
;__Lib_Lcd.c,152 :: 		
0x031C	0xDE7F      	RCALL       _Delay_5500us
;__Lib_Lcd.c,155 :: 		
0x031E	0x8284      	BSF         LCD_EN, BitPos(LCD_EN+0) 
;__Lib_Lcd.c,156 :: 		
0x0320	0xDE88      	RCALL       _Delay_1us
;__Lib_Lcd.c,157 :: 		
0x0322	0x9284      	BCF         LCD_EN, BitPos(LCD_EN+0) 
;__Lib_Lcd.c,159 :: 		
0x0324	0x8883      	BSF         LCD_D4, BitPos(LCD_D4+0) 
;__Lib_Lcd.c,160 :: 		
0x0326	0x8284      	BSF         LCD_EN, BitPos(LCD_EN+0) 
;__Lib_Lcd.c,161 :: 		
0x0328	0xDE84      	RCALL       _Delay_1us
;__Lib_Lcd.c,162 :: 		
0x032A	0x9284      	BCF         LCD_EN, BitPos(LCD_EN+0) 
;__Lib_Lcd.c,163 :: 		
0x032C	0xDE77      	RCALL       _Delay_5500us
;__Lib_Lcd.c,166 :: 		
0x032E	0x9883      	BCF         LCD_D4, BitPos(LCD_D4+0) 
;__Lib_Lcd.c,167 :: 		
0x0330	0x8284      	BSF         LCD_EN, BitPos(LCD_EN+0) 
;__Lib_Lcd.c,168 :: 		
0x0332	0xDE7F      	RCALL       _Delay_1us
;__Lib_Lcd.c,169 :: 		
0x0334	0x9284      	BCF         LCD_EN, BitPos(LCD_EN+0) 
;__Lib_Lcd.c,171 :: 		
0x0336	0x8E83      	BSF         LCD_D7, BitPos(LCD_D7+0) 
;__Lib_Lcd.c,172 :: 		
0x0338	0x8C83      	BSF         LCD_D6, BitPos(LCD_D6+0) 
;__Lib_Lcd.c,173 :: 		
0x033A	0x8A83      	BSF         LCD_D5, BitPos(LCD_D5+0) 
;__Lib_Lcd.c,174 :: 		
0x033C	0x8883      	BSF         LCD_D4, BitPos(LCD_D4+0) 
;__Lib_Lcd.c,175 :: 		
0x033E	0x8284      	BSF         LCD_EN, BitPos(LCD_EN+0) 
;__Lib_Lcd.c,176 :: 		
0x0340	0xDE78      	RCALL       _Delay_1us
;__Lib_Lcd.c,177 :: 		
0x0342	0x9284      	BCF         LCD_EN, BitPos(LCD_EN+0) 
;__Lib_Lcd.c,179 :: 		
0x0344	0xDE6B      	RCALL       _Delay_5500us
;__Lib_Lcd.c,181 :: 		
0x0346	0x802B      	BSF         __Lib_Lcd_cmd_status, BitPos(__Lib_Lcd_cmd_status+0) 
;__Lib_Lcd.c,182 :: 		
L_end_Lcd_Init:
0x0348	0x0012      	RETURN      0
; end of _Lcd_Init
___CC2DW:
;__Lib_System.c,21 :: 		
;__Lib_System.c,23 :: 		
_CC2DL_Loop1:
;__Lib_System.c,24 :: 		
0x034A	0x0009      	TBLRD*+
;__Lib_System.c,25 :: 		
0x034C	0xFFE6CFF5  	MOVFF       TABLAT, POSTINC1
;__Lib_System.c,26 :: 		
0x0350	0x0600      	DECF        R0, 1, 0
;__Lib_System.c,27 :: 		
0x0352	0xE1FB      	BNZ         _CC2DL_Loop1
;__Lib_System.c,28 :: 		
0x0354	0x0601      	DECF        R1, 1, 0
;__Lib_System.c,29 :: 		
0x0356	0xE1F9      	BNZ         _CC2DL_Loop1
;__Lib_System.c,31 :: 		
L_end___CC2DW:
0x0358	0x0012      	RETURN      0
; end of ___CC2DW
_PWM1_Init:
;__Lib_PWM_c21.c,35 :: 		
;__Lib_PWM_c21.c,36 :: 		
;__Lib_PWM_c21.c,37 :: 		
0x035A	0x6ABE      	CLRF        CCPR1L 
;__Lib_PWM_c21.c,38 :: 		
0x035C	0x98BD      	BCF         CCP1CON, 4 
;__Lib_PWM_c21.c,39 :: 		
0x035E	0x9ABD      	BCF         CCP1CON, 5 
;__Lib_PWM_c21.c,40 :: 		
L_end_PWM1_Init:
0x0360	0x0012      	RETURN      0
; end of _PWM1_Init
_PWM1_Start:
;__Lib_PWM_c21.c,53 :: 		
;__Lib_PWM_c21.c,54 :: 		
0x0362	0x9494      	BCF         TRISC2_bit, BitPos(TRISC2_bit+0) 
;__Lib_PWM_c21.c,55 :: 		
0x0364	0x84CA      	BSF         T2CON, 2 
;__Lib_PWM_c21.c,56 :: 		
0x0366	0x0E0C      	MOVLW       12
0x0368	0x12BD      	IORWF       CCP1CON, 1 
;__Lib_PWM_c21.c,57 :: 		
L_end_PWM1_Start:
0x036A	0x0012      	RETURN      0
; end of _PWM1_Start
_ADC_Read:
;__Lib_ADC_A_D.c,51 :: 		
;__Lib_ADC_A_D.c,54 :: 		
0x036C	0x6AC2      	CLRF        ADCON0 
;__Lib_ADC_A_D.c,55 :: 		
0x036E	0x1C2A      	COMF        _vref_mask, 0 
0x0370	0x6E00      	MOVWF       R0 
0x0372	0x5000      	MOVF        R0, 0 
0x0374	0x16C1      	ANDWF       ADCON1, 1 
;__Lib_ADC_A_D.c,56 :: 		
0x0376	0x0E07      	MOVLW       7
0x0378	0x12C0      	IORWF       ADCON2, 1 
;__Lib_ADC_A_D.c,57 :: 		
0x037A	0x8EC0      	BSF         ADCON2, 7 
;__Lib_ADC_A_D.c,58 :: 		
0x037C	0xF000C040  	MOVFF       FARG_ADC_Read_channel, R0
0x0380	0x3600      	RLCF        R0, 1 
0x0382	0x9000      	BCF         R0, 0 
0x0384	0x3600      	RLCF        R0, 1 
0x0386	0x9000      	BCF         R0, 0 
0x0388	0x5000      	MOVF        R0, 0 
0x038A	0x12C2      	IORWF       ADCON0, 1 
;__Lib_ADC_A_D.c,59 :: 		
0x038C	0x80C2      	BSF         ADCON0, 0 
;__Lib_ADC_A_D.c,60 :: 		
0x038E	0xDEC6      	RCALL       _Delay_22us
;__Lib_ADC_A_D.c,61 :: 		
0x0390	0x82C2      	BSF         ADCON0, 1 
;__Lib_ADC_A_D.c,62 :: 		
L_ADC_Read2:
0x0392	0xA2C2      	BTFSS       ADCON0, 1 
0x0394	0xD001      	BRA         L_ADC_Read3
;__Lib_ADC_A_D.c,63 :: 		
0x0396	0xD7FD      	BRA         L_ADC_Read2
L_ADC_Read3:
;__Lib_ADC_A_D.c,64 :: 		
0x0398	0xF001CFC4  	MOVFF       ADRESH, R1
0x039C	0x6A00      	CLRF        R0 
;__Lib_ADC_A_D.c,65 :: 		
0x039E	0x50C3      	MOVF        ADRESL, 0 
0x03A0	0x1200      	IORWF       R0, 1 
0x03A2	0x0E00      	MOVLW       0
0x03A4	0x1201      	IORWF       R1, 1 
;__Lib_ADC_A_D.c,66 :: 		
0x03A6	0x90C2      	BCF         ADCON0, 0 
;__Lib_ADC_A_D.c,68 :: 		
;__Lib_ADC_A_D.c,69 :: 		
L_end_ADC_Read:
0x03A8	0x0012      	RETURN      0
; end of _ADC_Read
_Button:
;__Lib_Button.c,6 :: 		
;__Lib_Button.c,8 :: 		
0x03AA	0x6A46      	CLRF        Button_rslt_L0 
;__Lib_Button.c,11 :: 		
0x03AC	0xF001C042  	MOVFF       FARG_Button_pin, R1
0x03B0	0x0E01      	MOVLW       1
0x03B2	0x6E00      	MOVWF       R0 
0x03B4	0x5001      	MOVF        R1, 0 
L__Button5:
0x03B6	0xE004      	BZ          L__Button6
0x03B8	0x3600      	RLCF        R0, 1 
0x03BA	0x9000      	BCF         R0, 0 
0x03BC	0x0FFF      	ADDLW       255
0x03BE	0xD7FB      	BRA         L__Button5
L__Button6:
0x03C0	0xF045C000  	MOVFF       R0, Button_pMask_L0
;__Lib_Button.c,13 :: 		
0x03C4	0xFFE9C040  	MOVFF       FARG_Button_port, FSR0L
0x03C8	0xFFEAC041  	MOVFF       FARG_Button_port+1, FSR0H
0x03CC	0x5000      	MOVF        R0, 0 
0x03CE	0x14EE      	ANDWF       POSTINC0, 0 
0x03D0	0x6E01      	MOVWF       R1 
0x03D2	0x5201      	MOVF        R1, 1 
0x03D4	0x0E01      	MOVLW       1
0x03D6	0xA4D8      	BTFSS       STATUS, 2 
0x03D8	0x0E00      	MOVLW       0
0x03DA	0x6E00      	MOVWF       R0 
0x03DC	0x5044      	MOVF        FARG_Button_active_state, 0 
0x03DE	0x1A00      	XORWF       R0, 1 
0x03E0	0xE018      	BZ          L_Button0
;__Lib_Button.c,15 :: 		
L_Button1:
0x03E2	0x5043      	MOVF        FARG_Button_time_ms, 0 
0x03E4	0x0800      	SUBLW       0
0x03E6	0xE204      	BC          L_Button2
;__Lib_Button.c,16 :: 		
0x03E8	0xDE8E      	RCALL       _Delay_500us
;__Lib_Button.c,17 :: 		
0x03EA	0xDE8D      	RCALL       _Delay_500us
;__Lib_Button.c,18 :: 		
0x03EC	0x0643      	DECF        FARG_Button_time_ms, 1 
;__Lib_Button.c,19 :: 		
0x03EE	0xD7F9      	BRA         L_Button1
L_Button2:
;__Lib_Button.c,21 :: 		
0x03F0	0xFFE9C040  	MOVFF       FARG_Button_port, FSR0L
0x03F4	0xFFEAC041  	MOVFF       FARG_Button_port+1, FSR0H
0x03F8	0x5045      	MOVF        Button_pMask_L0, 0 
0x03FA	0x14EE      	ANDWF       POSTINC0, 0 
0x03FC	0x6E01      	MOVWF       R1 
0x03FE	0x5201      	MOVF        R1, 1 
0x0400	0x0E01      	MOVLW       1
0x0402	0xA4D8      	BTFSS       STATUS, 2 
0x0404	0x0E00      	MOVLW       0
0x0406	0x6E00      	MOVWF       R0 
0x0408	0x5044      	MOVF        FARG_Button_active_state, 0 
0x040A	0x1A00      	XORWF       R0, 1 
0x040C	0xE002      	BZ          L_Button3
;__Lib_Button.c,22 :: 		
0x040E	0x0EFF      	MOVLW       255
0x0410	0x6E46      	MOVWF       Button_rslt_L0 
L_Button3:
;__Lib_Button.c,23 :: 		
L_Button0:
;__Lib_Button.c,25 :: 		
0x0412	0xF000C046  	MOVFF       Button_rslt_L0, R0
;__Lib_Button.c,26 :: 		
L_end_Button:
0x0416	0x0012      	RETURN      0
; end of _Button
_Mul_32x32_FP:
;__Lib_MathDouble.c,1130 :: 		
;__Lib_MathDouble.c,1148 :: 		
0x0418	0x6A08      	CLRF        R8, 0
;__Lib_MathDouble.c,1149 :: 		
0x041A	0x6A09      	CLRF        R9, 0
;__Lib_MathDouble.c,1151 :: 		
0x041C	0x0E00      	MOVLW       0
;__Lib_MathDouble.c,1152 :: 		
0x041E	0x6207      	CPFSEQ      R7, 0
;__Lib_MathDouble.c,1153 :: 		
0x0420	0x6403      	CPFSGT      R3, 0
;__Lib_MathDouble.c,1154 :: 		
0x0422	0xF002EF91  	GOTO        MULJPRES032
;__Lib_MathDouble.c,1157 :: 		
0x0426	0x5002      	MOVF        R2, 0, 0
;__Lib_MathDouble.c,1158 :: 		
0x0428	0x1806      	XORWF       R6, 0, 0
;__Lib_MathDouble.c,1159 :: 		
0x042A	0x6E0A      	MOVWF       R10, 0
;__Lib_MathDouble.c,1161 :: 		
0x042C	0x5007      	MOVF        R7, 0, 0
;__Lib_MathDouble.c,1162 :: 		
0x042E	0x2603      	ADDWF       R3, 1, 0
;__Lib_MathDouble.c,1163 :: 		
0x0430	0x0E7E      	MOVLW       126
;__Lib_MathDouble.c,1164 :: 		
0x0432	0xA0D8      	BTFSS       STATUS, 0, 0
;__Lib_MathDouble.c,1165 :: 		
0x0434	0xF002EF22  	GOTO        MTUN32
;__Lib_MathDouble.c,1167 :: 		
0x0438	0x5E03      	SUBWF       R3, 1, 0
;__Lib_MathDouble.c,1168 :: 		
0x043A	0xB0D8      	BTFSC       STATUS, 0, 0
;__Lib_MathDouble.c,1169 :: 		
0x043C	0xF002EF95  	GOTO        MULJPSETFOV32
;__Lib_MathDouble.c,1170 :: 		
0x0440	0xF002EF26  	GOTO        MOK32
;__Lib_MathDouble.c,1172 :: 		
MTUN32:
;__Lib_MathDouble.c,1173 :: 		
0x0444	0x5E03      	SUBWF       R3, 1, 0
;__Lib_MathDouble.c,1174 :: 		
0x0446	0xA0D8      	BTFSS       STATUS, 0, 0
;__Lib_MathDouble.c,1175 :: 		
0x0448	0xF002EF99  	GOTO        MULJPSETFUN32
;__Lib_MathDouble.c,1177 :: 		
MOK32:
;__Lib_MathDouble.c,1178 :: 		
0x044C	0x8E02      	BSF         R2, 7, 0
;__Lib_MathDouble.c,1179 :: 		
0x044E	0x8E06      	BSF         R6, 7, 0
;__Lib_MathDouble.c,1181 :: 		
0x0450	0xF00EC002  	MOVFF       R2, R14
;__Lib_MathDouble.c,1182 :: 		
0x0454	0xF00BC001  	MOVFF       R1, R11
;__Lib_MathDouble.c,1183 :: 		
0x0458	0xF00DC000  	MOVFF       R0, R13
;__Lib_MathDouble.c,1185 :: 		
0x045C	0x5000      	MOVF        R0, 0, 0
;__Lib_MathDouble.c,1186 :: 		
0x045E	0x0204      	MULWF       R4, 0
;__Lib_MathDouble.c,1187 :: 		
0x0460	0xF00CCFF4  	MOVFF       PRODH, R12
;__Lib_MathDouble.c,1189 :: 		
0x0464	0x5001      	MOVF        R1, 0, 0
;__Lib_MathDouble.c,1190 :: 		
0x0466	0x0205      	MULWF       R5, 0
;__Lib_MathDouble.c,1191 :: 		
0x0468	0xF000CFF4  	MOVFF       PRODH, R0
;__Lib_MathDouble.c,1192 :: 		
0x046C	0xF008CFF3  	MOVFF       PRODL, R8
;__Lib_MathDouble.c,1194 :: 		
0x0470	0x0204      	MULWF       R4, 0
;__Lib_MathDouble.c,1195 :: 		
0x0472	0x50F3      	MOVF        PRODL, 0, 0
;__Lib_MathDouble.c,1196 :: 		
0x0474	0x260C      	ADDWF       R12, 1, 0
;__Lib_MathDouble.c,1197 :: 		
0x0476	0x50F4      	MOVF        PRODH, 0, 0
;__Lib_MathDouble.c,1198 :: 		
0x0478	0x2208      	ADDWFC      R8, 1, 0
;__Lib_MathDouble.c,1199 :: 		
0x047A	0x0E00      	MOVLW       0
;__Lib_MathDouble.c,1200 :: 		
0x047C	0x2200      	ADDWFC      R0, 1, 0
;__Lib_MathDouble.c,1202 :: 		
0x047E	0x500D      	MOVF        R13, 0, 0
;__Lib_MathDouble.c,1203 :: 		
0x0480	0x0205      	MULWF       R5, 0
;__Lib_MathDouble.c,1204 :: 		
0x0482	0x50F3      	MOVF        PRODL, 0, 0
;__Lib_MathDouble.c,1205 :: 		
0x0484	0x260C      	ADDWF       R12, 1, 0
;__Lib_MathDouble.c,1206 :: 		
0x0486	0x50F4      	MOVF        PRODH, 0, 0
;__Lib_MathDouble.c,1207 :: 		
0x0488	0x2208      	ADDWFC      R8, 1, 0
;__Lib_MathDouble.c,1208 :: 		
0x048A	0x0E00      	MOVLW       0
;__Lib_MathDouble.c,1209 :: 		
0x048C	0x2200      	ADDWFC      R0, 1, 0
;__Lib_MathDouble.c,1211 :: 		
0x048E	0x5002      	MOVF        R2, 0, 0
;__Lib_MathDouble.c,1212 :: 		
0x0490	0x0204      	MULWF       R4, 0
;__Lib_MathDouble.c,1213 :: 		
0x0492	0x50F3      	MOVF        PRODL, 0, 0
;__Lib_MathDouble.c,1214 :: 		
0x0494	0x2608      	ADDWF       R8, 1, 0
;__Lib_MathDouble.c,1215 :: 		
0x0496	0x50F4      	MOVF        PRODH, 0, 0
;__Lib_MathDouble.c,1216 :: 		
0x0498	0x2200      	ADDWFC      R0, 1, 0
;__Lib_MathDouble.c,1217 :: 		
0x049A	0x5002      	MOVF        R2, 0, 0
;__Lib_MathDouble.c,1218 :: 		
0x049C	0x0205      	MULWF       R5, 0
;__Lib_MathDouble.c,1219 :: 		
0x049E	0x6A01      	CLRF        R1, 0
;__Lib_MathDouble.c,1220 :: 		
0x04A0	0x0E00      	MOVLW       0
;__Lib_MathDouble.c,1221 :: 		
0x04A2	0x2201      	ADDWFC      R1, 1, 0
;__Lib_MathDouble.c,1222 :: 		
0x04A4	0x50F3      	MOVF        PRODL, 0, 0
;__Lib_MathDouble.c,1223 :: 		
0x04A6	0x2600      	ADDWF       R0, 1, 0
;__Lib_MathDouble.c,1224 :: 		
0x04A8	0x50F4      	MOVF        PRODH, 0, 0
;__Lib_MathDouble.c,1225 :: 		
0x04AA	0x2201      	ADDWFC      R1, 1, 0
;__Lib_MathDouble.c,1227 :: 		
0x04AC	0x500D      	MOVF        R13, 0, 0
;__Lib_MathDouble.c,1228 :: 		
0x04AE	0x0206      	MULWF       R6, 0
;__Lib_MathDouble.c,1229 :: 		
0x04B0	0x50F3      	MOVF        PRODL, 0, 0
;__Lib_MathDouble.c,1230 :: 		
0x04B2	0x2608      	ADDWF       R8, 1, 0
;__Lib_MathDouble.c,1231 :: 		
0x04B4	0x50F4      	MOVF        PRODH, 0, 0
;__Lib_MathDouble.c,1232 :: 		
0x04B6	0x2200      	ADDWFC      R0, 1, 0
;__Lib_MathDouble.c,1233 :: 		
0x04B8	0x6A02      	CLRF        R2, 0
;__Lib_MathDouble.c,1234 :: 		
0x04BA	0x0E00      	MOVLW       0
;__Lib_MathDouble.c,1235 :: 		
0x04BC	0x2201      	ADDWFC      R1, 1, 0
;__Lib_MathDouble.c,1236 :: 		
0x04BE	0x2202      	ADDWFC      R2, 1, 0
;__Lib_MathDouble.c,1238 :: 		
0x04C0	0x500B      	MOVF        R11, 0, 0
;__Lib_MathDouble.c,1239 :: 		
0x04C2	0x0206      	MULWF       R6, 0
;__Lib_MathDouble.c,1240 :: 		
0x04C4	0x50F3      	MOVF        PRODL, 0, 0
;__Lib_MathDouble.c,1241 :: 		
0x04C6	0x2600      	ADDWF       R0, 1, 0
;__Lib_MathDouble.c,1242 :: 		
0x04C8	0x50F4      	MOVF        PRODH, 0, 0
;__Lib_MathDouble.c,1243 :: 		
0x04CA	0x2201      	ADDWFC      R1, 1, 0
;__Lib_MathDouble.c,1244 :: 		
0x04CC	0x0E00      	MOVLW       0
;__Lib_MathDouble.c,1245 :: 		
0x04CE	0x2202      	ADDWFC      R2, 1, 0
;__Lib_MathDouble.c,1247 :: 		
0x04D0	0x500E      	MOVF        R14, 0, 0
;__Lib_MathDouble.c,1248 :: 		
0x04D2	0x0206      	MULWF       R6, 0
;__Lib_MathDouble.c,1249 :: 		
0x04D4	0x50F3      	MOVF        PRODL, 0, 0
;__Lib_MathDouble.c,1250 :: 		
0x04D6	0x2601      	ADDWF       R1, 1, 0
;__Lib_MathDouble.c,1251 :: 		
0x04D8	0x50F4      	MOVF        PRODH, 0, 0
;__Lib_MathDouble.c,1252 :: 		
0x04DA	0x2202      	ADDWFC      R2, 1, 0
;__Lib_MathDouble.c,1254 :: 		
0x04DC	0xBE02      	BTFSC       R2, 7, 0
;__Lib_MathDouble.c,1255 :: 		
0x04DE	0xF002EF79  	GOTO        MROUND32
;__Lib_MathDouble.c,1256 :: 		
0x04E2	0x3608      	RLCF        R8, 1, 0
;__Lib_MathDouble.c,1257 :: 		
0x04E4	0x3600      	RLCF        R0, 1, 0
;__Lib_MathDouble.c,1258 :: 		
0x04E6	0x3601      	RLCF        R1, 1, 0
;__Lib_MathDouble.c,1259 :: 		
0x04E8	0x3602      	RLCF        R2, 1, 0
;__Lib_MathDouble.c,1260 :: 		
0x04EA	0x0603      	DECF        R3, 1, 0
;__Lib_MathDouble.c,1261 :: 		
0x04EC	0xB4D8      	BTFSC       STATUS, 2, 0
;__Lib_MathDouble.c,1262 :: 		
0x04EE	0xF002EF99  	GOTO        MULJPSETFUN32
;__Lib_MathDouble.c,1264 :: 		
MROUND32:
;__Lib_MathDouble.c,1267 :: 		
0x04F2	0xF002EF8C  	GOTO        MUL32OK
;__Lib_MathDouble.c,1268 :: 		
0x04F6	0x80D8      	BSF         STATUS, 0, 0
;__Lib_MathDouble.c,1269 :: 		
0x04F8	0x0E80      	MOVLW       128
;__Lib_MathDouble.c,1270 :: 		
0x04FA	0x6408      	CPFSGT      R8, 0
;__Lib_MathDouble.c,1271 :: 		
0x04FC	0x3000      	RRCF        R0, 0, 0
;__Lib_MathDouble.c,1272 :: 		
0x04FE	0x0E00      	MOVLW       0
;__Lib_MathDouble.c,1273 :: 		
0x0500	0x2200      	ADDWFC      R0, 1, 0
;__Lib_MathDouble.c,1274 :: 		
0x0502	0x2201      	ADDWFC      R1, 1, 0
;__Lib_MathDouble.c,1275 :: 		
0x0504	0x2202      	ADDWFC      R2, 1, 0
;__Lib_MathDouble.c,1277 :: 		
0x0506	0xA0D8      	BTFSS       STATUS, 0, 0
;__Lib_MathDouble.c,1278 :: 		
0x0508	0xF002EF8C  	GOTO        MUL32OK
;__Lib_MathDouble.c,1279 :: 		
0x050C	0x3202      	RRCF        R2, 1, 0
;__Lib_MathDouble.c,1280 :: 		
0x050E	0x3201      	RRCF        R1, 1, 0
;__Lib_MathDouble.c,1281 :: 		
0x0510	0x3200      	RRCF        R0, 1, 0
;__Lib_MathDouble.c,1282 :: 		
0x0512	0x4A03      	INFSNZ      R3, 1, 0
;__Lib_MathDouble.c,1283 :: 		
0x0514	0xF002EF95  	GOTO        MULJPSETFOV32
;__Lib_MathDouble.c,1285 :: 		
MUL32OK:
;__Lib_MathDouble.c,1286 :: 		
0x0518	0xAE0A      	BTFSS       R10, 7, 0
;__Lib_MathDouble.c,1287 :: 		
0x051A	0x9E02      	BCF         R2, 7, 0
;__Lib_MathDouble.c,1289 :: 		
0x051C	0x0E00      	MOVLW       0
;__Lib_MathDouble.c,1290 :: 		
0x051E	0xF002EF9B  	GOTO        MULEEE
;__Lib_MathDouble.c,1291 :: 		
MULJPRES032:
;__Lib_MathDouble.c,1292 :: 		
0x0522	0x0E01      	MOVLW       1
;__Lib_MathDouble.c,1295 :: 		
0x0524	0xDD92      	RCALL       _RES032
;__Lib_MathDouble.c,1297 :: 		
0x0526	0xF002EF9B  	GOTO        MULEEE
;__Lib_MathDouble.c,1298 :: 		
MULJPSETFOV32:
;__Lib_MathDouble.c,1299 :: 		
0x052A	0x0E02      	MOVLW       2
;__Lib_MathDouble.c,1302 :: 		
0x052C	0xDDE0      	RCALL       _SETFOV32
;__Lib_MathDouble.c,1304 :: 		
0x052E	0xF002EF9B  	GOTO        MULEEE
;__Lib_MathDouble.c,1305 :: 		
MULJPSETFUN32:
;__Lib_MathDouble.c,1306 :: 		
0x0532	0x0E04      	MOVLW       4
;__Lib_MathDouble.c,1309 :: 		
0x0534	0xDD91      	RCALL       _SETFUN32
;__Lib_MathDouble.c,1311 :: 		
MULEEE:
;__Lib_MathDouble.c,1318 :: 		
L_end_Mul_32x32_FP:
0x0536	0x0012      	RETURN      0
; end of _Mul_32x32_FP
_double2int:
;__Lib_MathDouble.c,1897 :: 		
;__Lib_MathDouble.c,1906 :: 		
0x0538	0x6A0B      	CLRF        R11, 0
;__Lib_MathDouble.c,1907 :: 		
0x053A	0x5003      	MOVF        R3, 0, 0
;__Lib_MathDouble.c,1908 :: 		
0x053C	0xB4D8      	BTFSC       STATUS, 2, 0
;__Lib_MathDouble.c,1909 :: 		
0x053E	0xF002EFE2  	GOTO        IRES016
;__Lib_MathDouble.c,1910 :: 		
0x0542	0x5002      	MOVF        R2, 0, 0
;__Lib_MathDouble.c,1911 :: 		
0x0544	0x6E0A      	MOVWF       R10, 0
;__Lib_MathDouble.c,1912 :: 		
0x0546	0x8E02      	BSF         R2, 7, 0
;__Lib_MathDouble.c,1914 :: 		
0x0548	0x0E8E      	MOVLW       142
;__Lib_MathDouble.c,1915 :: 		
0x054A	0x5E03      	SUBWF       R3, 1, 0
;__Lib_MathDouble.c,1916 :: 		
0x054C	0xAE03      	BTFSS       R3, 7, 0
;__Lib_MathDouble.c,1917 :: 		
0x054E	0xF002EFE6  	GOTO        SETIOV16
;__Lib_MathDouble.c,1918 :: 		
0x0552	0x6C03      	NEGF        R3, 0
;__Lib_MathDouble.c,1920 :: 		
0x0554	0x0E08      	MOVLW       8
;__Lib_MathDouble.c,1921 :: 		
0x0556	0x5C03      	SUBWF       R3, 0, 0
;__Lib_MathDouble.c,1922 :: 		
0x0558	0xA0D8      	BTFSS       STATUS, 0, 0
;__Lib_MathDouble.c,1923 :: 		
0x055A	0xF002EFC1  	GOTO        TSHIFT3216
;__Lib_MathDouble.c,1924 :: 		
0x055E	0x6E03      	MOVWF       R3, 0
;__Lib_MathDouble.c,1925 :: 		
0x0560	0x3601      	RLCF        R1, 1, 0
;__Lib_MathDouble.c,1926 :: 		
0x0562	0xF001C002  	MOVFF       R2, R1
;__Lib_MathDouble.c,1927 :: 		
0x0566	0x6A02      	CLRF        R2, 0
;__Lib_MathDouble.c,1929 :: 		
0x0568	0x0E08      	MOVLW       8
;__Lib_MathDouble.c,1930 :: 		
0x056A	0x5C03      	SUBWF       R3, 0, 0
;__Lib_MathDouble.c,1931 :: 		
0x056C	0xA0D8      	BTFSS       STATUS, 0, 0
;__Lib_MathDouble.c,1932 :: 		
0x056E	0xF002EFC1  	GOTO        TSHIFT3216
;__Lib_MathDouble.c,1933 :: 		
0x0572	0x6E03      	MOVWF       R3, 0
;__Lib_MathDouble.c,1934 :: 		
0x0574	0x3601      	RLCF        R1, 1, 0
;__Lib_MathDouble.c,1935 :: 		
0x0576	0x6A01      	CLRF        R1, 0
;__Lib_MathDouble.c,1937 :: 		
0x0578	0x5003      	MOVF        R3, 0, 0
;__Lib_MathDouble.c,1938 :: 		
0x057A	0xA4D8      	BTFSS       STATUS, 2, 0
;__Lib_MathDouble.c,1939 :: 		
0x057C	0x90D8      	BCF         STATUS, 0, 0
;__Lib_MathDouble.c,1940 :: 		
0x057E	0xF002EFCB  	GOTO        SHIFT3216OK
;__Lib_MathDouble.c,1941 :: 		
TSHIFT3216:
;__Lib_MathDouble.c,1942 :: 		
0x0582	0x5003      	MOVF        R3, 0, 0
;__Lib_MathDouble.c,1943 :: 		
0x0584	0xB4D8      	BTFSC       STATUS, 2, 0
;__Lib_MathDouble.c,1944 :: 		
0x0586	0xF002EFCB  	GOTO        SHIFT3216OK
;__Lib_MathDouble.c,1945 :: 		
SHIFT3216:
;__Lib_MathDouble.c,1946 :: 		
0x058A	0x90D8      	BCF         STATUS, 0, 0
;__Lib_MathDouble.c,1947 :: 		
0x058C	0x3202      	RRCF        R2, 1, 0
;__Lib_MathDouble.c,1948 :: 		
0x058E	0x3201      	RRCF        R1, 1, 0
;__Lib_MathDouble.c,1949 :: 		
0x0590	0x2E03      	DECFSZ      R3, 1, 0
;__Lib_MathDouble.c,1950 :: 		
0x0592	0xF002EFC5  	GOTO        SHIFT3216
;__Lib_MathDouble.c,1951 :: 		
SHIFT3216OK:
;__Lib_MathDouble.c,1952 :: 		
0x0596	0xBC0B      	BTFSC       R11, 6, 0
;__Lib_MathDouble.c,1953 :: 		
0x0598	0xA001      	BTFSS       R1, 0, 0
;__Lib_MathDouble.c,1954 :: 		
0x059A	0xF002EFD8  	GOTO        INT3216OK
;__Lib_MathDouble.c,1955 :: 		
0x059E	0xA0D8      	BTFSS       STATUS, 0, 0
;__Lib_MathDouble.c,1956 :: 		
0x05A0	0xF002EFD8  	GOTO        INT3216OK
;__Lib_MathDouble.c,1957 :: 		
0x05A4	0x2A01      	INCF        R1, 1, 0
;__Lib_MathDouble.c,1958 :: 		
0x05A6	0xB4D8      	BTFSC       STATUS, 2, 0
;__Lib_MathDouble.c,1959 :: 		
0x05A8	0x2A02      	INCF        R2, 1, 0
;__Lib_MathDouble.c,1960 :: 		
0x05AA	0xBE02      	BTFSC       R2, 7, 0
;__Lib_MathDouble.c,1961 :: 		
0x05AC	0xF002EFF5  	GOTO        JPJSETIOV3224
;__Lib_MathDouble.c,1962 :: 		
INT3216OK:
;__Lib_MathDouble.c,1963 :: 		
0x05B0	0xAE0A      	BTFSS       R10, 7, 0
;__Lib_MathDouble.c,1964 :: 		
0x05B2	0xF002EFFA  	GOTO        INT3216EOK
;__Lib_MathDouble.c,1966 :: 		
0x05B6	0x1E02      	COMF        R2, 1, 0
;__Lib_MathDouble.c,1967 :: 		
0x05B8	0x1E01      	COMF        R1, 1, 0
;__Lib_MathDouble.c,1968 :: 		
0x05BA	0x2A01      	INCF        R1, 1, 0
;__Lib_MathDouble.c,1969 :: 		
0x05BC	0xB4D8      	BTFSC       STATUS, 2, 0
;__Lib_MathDouble.c,1970 :: 		
0x05BE	0x2A02      	INCF        R2, 1, 0
;__Lib_MathDouble.c,1971 :: 		
0x05C0	0xF002EFFA  	GOTO        INT3216EOK
;__Lib_MathDouble.c,1973 :: 		
IRES016:
;__Lib_MathDouble.c,1974 :: 		
0x05C4	0x6A02      	CLRF        R2, 0
;__Lib_MathDouble.c,1975 :: 		
0x05C6	0x6A01      	CLRF        R1, 0
;__Lib_MathDouble.c,1976 :: 		
0x05C8	0xF002EFFA  	GOTO        INT3216EOK
;__Lib_MathDouble.c,1977 :: 		
SETIOV16:
;__Lib_MathDouble.c,1978 :: 		
0x05CC	0x800B      	BSF         R11, 0, 0
;__Lib_MathDouble.c,1979 :: 		
0x05CE	0xAE0B      	BTFSS       R11, 7, 0
;__Lib_MathDouble.c,1980 :: 		
0x05D0	0xF002EFFE  	GOTO        INT3216EER
;__Lib_MathDouble.c,1982 :: 		
0x05D4	0x6A02      	CLRF        R2, 0
;__Lib_MathDouble.c,1983 :: 		
0x05D6	0xAE0A      	BTFSS       R10, 7, 0
;__Lib_MathDouble.c,1984 :: 		
0x05D8	0xF002EFFE  	GOTO        INT3216EER
;__Lib_MathDouble.c,1985 :: 		
0x05DC	0x0EFF      	MOVLW       255
;__Lib_MathDouble.c,1986 :: 		
0x05DE	0x6E02      	MOVWF       R2, 0
;__Lib_MathDouble.c,1987 :: 		
0x05E0	0x6E01      	MOVWF       R1, 0
;__Lib_MathDouble.c,1988 :: 		
0x05E2	0x360A      	RLCF        R10, 1, 0
;__Lib_MathDouble.c,1989 :: 		
0x05E4	0x3202      	RRCF        R2, 1, 0
;__Lib_MathDouble.c,1990 :: 		
0x05E6	0xF002EFFE  	GOTO        INT3216EER
;__Lib_MathDouble.c,1992 :: 		
JPJSETIOV3224:
;__Lib_MathDouble.c,1993 :: 		
0x05EA	0x0E01      	MOVLW       1
;__Lib_MathDouble.c,1994 :: 		
0x05EC	0x6E0C      	MOVWF       R12, 0
;__Lib_MathDouble.c,1996 :: 		
0x05EE	0xDDB7      	RCALL       _SETIOV3224
;__Lib_MathDouble.c,1998 :: 		
0x05F0	0xF003EF00  	GOTO        INT3216EEE
;__Lib_MathDouble.c,1999 :: 		
INT3216EOK:
;__Lib_MathDouble.c,2000 :: 		
0x05F4	0x0E00      	MOVLW       0
;__Lib_MathDouble.c,2001 :: 		
0x05F6	0x6E0C      	MOVWF       R12, 0
;__Lib_MathDouble.c,2002 :: 		
0x05F8	0xF003EF00  	GOTO        INT3216EEE
;__Lib_MathDouble.c,2003 :: 		
INT3216EER:
;__Lib_MathDouble.c,2004 :: 		
0x05FC	0x0EFF      	MOVLW       255
;__Lib_MathDouble.c,2005 :: 		
0x05FE	0x6E0C      	MOVWF       R12, 0
;__Lib_MathDouble.c,2006 :: 		
INT3216EEE:
;__Lib_MathDouble.c,2007 :: 		
0x0600	0x5001      	MOVF        R1, 0, 0
;__Lib_MathDouble.c,2008 :: 		
0x0602	0x6E00      	MOVWF       R0, 0
;__Lib_MathDouble.c,2009 :: 		
0x0604	0x5002      	MOVF        R2, 0, 0
;__Lib_MathDouble.c,2010 :: 		
0x0606	0x6E01      	MOVWF       R1, 0
;__Lib_MathDouble.c,2015 :: 		
L_end_double2int:
0x0608	0x0012      	RETURN      0
; end of _double2int
_Lcd_Out:
;__Lib_Lcd.c,184 :: 		
;__Lib_Lcd.c,187 :: 		
0x060A	0xD00F      	BRA         L_Lcd_Out11
;__Lib_Lcd.c,188 :: 		
L_Lcd_Out13:
0x060C	0x0E80      	MOVLW       128
0x060E	0x6E40      	MOVWF       FARG_Lcd_Out_row 
0x0610	0xD019      	BRA         L_Lcd_Out12
;__Lib_Lcd.c,189 :: 		
L_Lcd_Out14:
0x0612	0x0EC0      	MOVLW       192
0x0614	0x6E40      	MOVWF       FARG_Lcd_Out_row 
0x0616	0xD016      	BRA         L_Lcd_Out12
;__Lib_Lcd.c,190 :: 		
L_Lcd_Out15:
0x0618	0x0E94      	MOVLW       148
0x061A	0x6E40      	MOVWF       FARG_Lcd_Out_row 
0x061C	0xD013      	BRA         L_Lcd_Out12
;__Lib_Lcd.c,191 :: 		
L_Lcd_Out16:
0x061E	0x0ED4      	MOVLW       212
0x0620	0x6E40      	MOVWF       FARG_Lcd_Out_row 
0x0622	0xD010      	BRA         L_Lcd_Out12
;__Lib_Lcd.c,192 :: 		
L_Lcd_Out17:
0x0624	0x0E80      	MOVLW       128
0x0626	0x6E40      	MOVWF       FARG_Lcd_Out_row 
;__Lib_Lcd.c,193 :: 		
0x0628	0xD00D      	BRA         L_Lcd_Out12
L_Lcd_Out11:
0x062A	0x5040      	MOVF        FARG_Lcd_Out_row, 0 
0x062C	0x0A01      	XORLW       1
0x062E	0xE0EE      	BZ          L_Lcd_Out13
0x0630	0x5040      	MOVF        FARG_Lcd_Out_row, 0 
0x0632	0x0A02      	XORLW       2
0x0634	0xE0EE      	BZ          L_Lcd_Out14
0x0636	0x5040      	MOVF        FARG_Lcd_Out_row, 0 
0x0638	0x0A03      	XORLW       3
0x063A	0xE0EE      	BZ          L_Lcd_Out15
0x063C	0x5040      	MOVF        FARG_Lcd_Out_row, 0 
0x063E	0x0A04      	XORLW       4
0x0640	0xE0EE      	BZ          L_Lcd_Out16
0x0642	0xD7F0      	BRA         L_Lcd_Out17
L_Lcd_Out12:
;__Lib_Lcd.c,194 :: 		
0x0644	0x0441      	DECF        FARG_Lcd_Out_column, 0 
0x0646	0x6E00      	MOVWF       R0 
0x0648	0x5040      	MOVF        FARG_Lcd_Out_row, 0 
0x064A	0x2600      	ADDWF       R0, 1 
0x064C	0xF040C000  	MOVFF       R0, FARG_Lcd_Out_row
;__Lib_Lcd.c,196 :: 		
0x0650	0xF048C000  	MOVFF       R0, FARG_Lcd_Cmd_out_char
0x0654	0xDD0E      	RCALL       _Lcd_Cmd
;__Lib_Lcd.c,197 :: 		
0x0656	0x902B      	BCF         __Lib_Lcd_cmd_status, BitPos(__Lib_Lcd_cmd_status+0) 
;__Lib_Lcd.c,198 :: 		
0x0658	0x6A44      	CLRF        Lcd_Out_i_L0 
;__Lib_Lcd.c,199 :: 		
L_Lcd_Out18:
0x065A	0x5044      	MOVF        Lcd_Out_i_L0, 0 
0x065C	0x2442      	ADDWF       FARG_Lcd_Out_text, 0 
0x065E	0x6EE9      	MOVWF       FSR0L 
0x0660	0x0E00      	MOVLW       0
0x0662	0x2043      	ADDWFC      FARG_Lcd_Out_text+1, 0 
0x0664	0x6EEA      	MOVWF       FSR0L+1 
0x0666	0x52EE      	MOVF        POSTINC0, 1 
0x0668	0xE00B      	BZ          L_Lcd_Out19
;__Lib_Lcd.c,200 :: 		
0x066A	0x5044      	MOVF        Lcd_Out_i_L0, 0 
0x066C	0x2442      	ADDWF       FARG_Lcd_Out_text, 0 
0x066E	0x6EE9      	MOVWF       FSR0L 
0x0670	0x0E00      	MOVLW       0
0x0672	0x2043      	ADDWFC      FARG_Lcd_Out_text+1, 0 
0x0674	0x6EEA      	MOVWF       FSR0L+1 
0x0676	0xF047CFEE  	MOVFF       POSTINC0, FARG_Lcd_Chr_CP_out_char
0x067A	0xDDB8      	RCALL       _Lcd_Chr_CP
0x067C	0x2A44      	INCF        Lcd_Out_i_L0, 1 
0x067E	0xD7ED      	BRA         L_Lcd_Out18
L_Lcd_Out19:
;__Lib_Lcd.c,201 :: 		
0x0680	0x802B      	BSF         __Lib_Lcd_cmd_status, BitPos(__Lib_Lcd_cmd_status+0) 
;__Lib_Lcd.c,202 :: 		
L_end_Lcd_Out:
0x0682	0x0012      	RETURN      0
; end of _Lcd_Out
_word2double:
;__Lib_MathDouble.c,2335 :: 		
;__Lib_MathDouble.c,2344 :: 		
0x0684	0x5000      	MOVF        R0, 0, 0
;__Lib_MathDouble.c,2345 :: 		
0x0686	0x6E08      	MOVWF       R8, 0
;__Lib_MathDouble.c,2346 :: 		
0x0688	0x5001      	MOVF        R1, 0, 0
;__Lib_MathDouble.c,2347 :: 		
0x068A	0x6E00      	MOVWF       R0, 0
;__Lib_MathDouble.c,2348 :: 		
0x068C	0x6A01      	CLRF        R1, 0
;__Lib_MathDouble.c,2349 :: 		
0x068E	0x6A02      	CLRF        R2, 0
;__Lib_MathDouble.c,2350 :: 		
0x0690	0x6A03      	CLRF        R3, 0
;__Lib_MathDouble.c,2353 :: 		
0x0692	0x6A0B      	CLRF        R11, 0
;__Lib_MathDouble.c,2354 :: 		
0x0694	0x6A0C      	CLRF        R12, 0
;__Lib_MathDouble.c,2356 :: 		
0x0696	0x0E96      	MOVLW       150
;__Lib_MathDouble.c,2357 :: 		
0x0698	0x6E03      	MOVWF       R3, 0
;__Lib_MathDouble.c,2358 :: 		
0x069A	0x6A0A      	CLRF        R10, 0
;__Lib_MathDouble.c,2360 :: 		
0x069C	0xF001C000  	MOVFF       R0, R1
;__Lib_MathDouble.c,2361 :: 		
0x06A0	0xF000C008  	MOVFF       R8, R0
;__Lib_MathDouble.c,2362 :: 		
0x06A4	0x6A08      	CLRF        R8, 0
;__Lib_MathDouble.c,2363 :: 		
0x06A6	0x6A02      	CLRF        R2, 0
;__Lib_MathDouble.c,2365 :: 		
0x06A8	0xDD68      	RCALL       _NRM3232
;__Lib_MathDouble.c,2366 :: 		
L_end_word2double:
0x06AA	0x0012      	RETURN      0
; end of _word2double
_WordToStr:
;__Lib_Conversions.c,98 :: 		
;__Lib_Conversions.c,103 :: 		
0x06AC	0x6A44      	CLRF        WordToStr_len_L0 
L_WordToStr11:
0x06AE	0x0E05      	MOVLW       5
0x06B0	0x5C44      	SUBWF       WordToStr_len_L0, 0 
0x06B2	0xE20A      	BC          L_WordToStr12
;__Lib_Conversions.c,104 :: 		
0x06B4	0x5044      	MOVF        WordToStr_len_L0, 0 
0x06B6	0x2442      	ADDWF       FARG_WordToStr_output, 0 
0x06B8	0x6EE1      	MOVWF       FSR1L 
0x06BA	0x0E00      	MOVLW       0
0x06BC	0x2043      	ADDWFC      FARG_WordToStr_output+1, 0 
0x06BE	0x6EE2      	MOVWF       FSR1L+1 
0x06C0	0x0E20      	MOVLW       32
0x06C2	0x6EE6      	MOVWF       POSTINC1 
;__Lib_Conversions.c,103 :: 		
0x06C4	0x2A44      	INCF        WordToStr_len_L0, 1 
;__Lib_Conversions.c,104 :: 		
0x06C6	0xD7F3      	BRA         L_WordToStr11
L_WordToStr12:
;__Lib_Conversions.c,105 :: 		
0x06C8	0x5044      	MOVF        WordToStr_len_L0, 0 
0x06CA	0x2442      	ADDWF       FARG_WordToStr_output, 0 
0x06CC	0x6EE1      	MOVWF       FSR1L 
0x06CE	0x0E00      	MOVLW       0
0x06D0	0x2043      	ADDWFC      FARG_WordToStr_output+1, 0 
0x06D2	0x6EE2      	MOVWF       FSR1L+1 
0x06D4	0x6AE6      	CLRF        POSTINC1 
0x06D6	0x0644      	DECF        WordToStr_len_L0, 1 
;__Lib_Conversions.c,107 :: 		
L_WordToStr14:
;__Lib_Conversions.c,108 :: 		
0x06D8	0x5044      	MOVF        WordToStr_len_L0, 0 
0x06DA	0x2442      	ADDWF       FARG_WordToStr_output, 0 
0x06DC	0x6E45      	MOVWF       FLOC__WordToStr 
0x06DE	0x0E00      	MOVLW       0
0x06E0	0x2043      	ADDWFC      FARG_WordToStr_output+1, 0 
0x06E2	0x6E46      	MOVWF       FLOC__WordToStr+1 
0x06E4	0x0E0A      	MOVLW       10
0x06E6	0x6E04      	MOVWF       R4 
0x06E8	0x0E00      	MOVLW       0
0x06EA	0x6E05      	MOVWF       R5 
0x06EC	0xF000C040  	MOVFF       FARG_WordToStr_input, R0
0x06F0	0xF001C041  	MOVFF       FARG_WordToStr_input+1, R1
0x06F4	0xDD19      	RCALL       _Div_16X16_U
0x06F6	0xF000C008  	MOVFF       R8, R0
0x06FA	0xF001C009  	MOVFF       R9, R1
0x06FE	0x0E30      	MOVLW       48
0x0700	0x2600      	ADDWF       R0, 1 
0x0702	0xFFE1C045  	MOVFF       FLOC__WordToStr, FSR1L
0x0706	0xFFE2C046  	MOVFF       FLOC__WordToStr+1, FSR1H
0x070A	0xFFE6C000  	MOVFF       R0, POSTINC1
;__Lib_Conversions.c,109 :: 		
0x070E	0x0E0A      	MOVLW       10
0x0710	0x6E04      	MOVWF       R4 
0x0712	0x0E00      	MOVLW       0
0x0714	0x6E05      	MOVWF       R5 
0x0716	0xF000C040  	MOVFF       FARG_WordToStr_input, R0
0x071A	0xF001C041  	MOVFF       FARG_WordToStr_input+1, R1
0x071E	0xDD04      	RCALL       _Div_16X16_U
0x0720	0xF040C000  	MOVFF       R0, FARG_WordToStr_input
0x0724	0xF041C001  	MOVFF       R1, FARG_WordToStr_input+1
;__Lib_Conversions.c,110 :: 		
0x0728	0x0E00      	MOVLW       0
0x072A	0x1801      	XORWF       R1, 0 
0x072C	0xE102      	BNZ         L__WordToStr379
0x072E	0x0E00      	MOVLW       0
0x0730	0x1800      	XORWF       R0, 0 
L__WordToStr379:
0x0732	0xE101      	BNZ         L_WordToStr16
;__Lib_Conversions.c,111 :: 		
0x0734	0xD002      	BRA         L_WordToStr15
L_WordToStr16:
;__Lib_Conversions.c,112 :: 		
0x0736	0x0644      	DECF        WordToStr_len_L0, 1 
;__Lib_Conversions.c,113 :: 		
0x0738	0xD7CF      	BRA         L_WordToStr14
L_WordToStr15:
;__Lib_Conversions.c,114 :: 		
L_end_WordToStr:
0x073A	0x0012      	RETURN      0
; end of _WordToStr
_main:
0x073C	0xF004ECC5  	CALL        2442, 0
;MyProject.c,16 :: 		void main() {
;MyProject.c,17 :: 		int i = 0;
;MyProject.c,18 :: 		int contadorSegundos = 0;
0x0740	0x6A38      	CLRF        main_contadorSegundos_L0 
0x0742	0x6A39      	CLRF        main_contadorSegundos_L0+1 
0x0744	0x6A3A      	CLRF        main_interrompe_L0 
0x0746	0x6A3B      	CLRF        main_interrompe_L0+1 
0x0748	0x6A3C      	CLRF        main_validaSegundos_L0 
0x074A	0x6A3D      	CLRF        main_validaSegundos_L0+1 
0x074C	0x6A3E      	CLRF        main_contadorMinutos_L0 
0x074E	0x6A3F      	CLRF        main_contadorMinutos_L0+1 
;MyProject.c,24 :: 		Pwm1_init(5000);
0x0750	0x80CA      	BSF         T2CON, 0, 0
0x0752	0x92CA      	BCF         T2CON, 1, 0
0x0754	0x0E63      	MOVLW       99
0x0756	0x6ECB      	MOVWF       PR2, 0
0x0758	0xDE00      	RCALL       _PWM1_Init
;MyProject.c,25 :: 		Pwm1_start();
0x075A	0xDE03      	RCALL       _PWM1_Start
;MyProject.c,26 :: 		Lcd_init();
0x075C	0xDDAB      	RCALL       _Lcd_Init
;MyProject.c,27 :: 		TRISC = 0;
0x075E	0x6A94      	CLRF        TRISC 
;MyProject.c,28 :: 		TRISB = 255;
0x0760	0x0EFF      	MOVLW       255
0x0762	0x6E93      	MOVWF       TRISB 
;MyProject.c,29 :: 		ADCON1 = 0b00001100;
0x0764	0x0E0C      	MOVLW       12
0x0766	0x6EC1      	MOVWF       ADCON1 
;MyProject.c,30 :: 		while(1){
L_main0:
;MyProject.c,31 :: 		Pwm1_Set_Duty(0);
0x0768	0x6A40      	CLRF        FARG_PWM1_Set_Duty_new_duty 
0x076A	0xDD6E      	RCALL       _PWM1_Set_Duty
;MyProject.c,32 :: 		validaSegundos = ADC_READ(0) * 0.059;
0x076C	0x6A40      	CLRF        FARG_ADC_Read_channel 
0x076E	0xDDFE      	RCALL       _ADC_Read
0x0770	0xDF89      	RCALL       _word2double
0x0772	0x0EFC      	MOVLW       252
0x0774	0x6E04      	MOVWF       R4 
0x0776	0x0EA9      	MOVLW       169
0x0778	0x6E05      	MOVWF       R5 
0x077A	0x0E71      	MOVLW       113
0x077C	0x6E06      	MOVWF       R6 
0x077E	0x0E7A      	MOVLW       122
0x0780	0x6E07      	MOVWF       R7 
0x0782	0xDE4A      	RCALL       _Mul_32x32_FP
0x0784	0xDED9      	RCALL       _double2int
0x0786	0xF03CC000  	MOVFF       R0, main_validaSegundos_L0
0x078A	0xF03DC001  	MOVFF       R1, main_validaSegundos_L0+1
;MyProject.c,33 :: 		WordToStr(validaSegundos,palavra);
0x078E	0xF040C000  	MOVFF       R0, FARG_WordToStr_input
0x0792	0xF041C001  	MOVFF       R1, FARG_WordToStr_input+1
0x0796	0x0E2C      	MOVLW       main_palavra_L0
0x0798	0x6E42      	MOVWF       FARG_WordToStr_output 
0x079A	0x0E00      	MOVLW       hi_addr(main_palavra_L0)
0x079C	0x6E43      	MOVWF       FARG_WordToStr_output+1 
0x079E	0xDF86      	RCALL       _WordToStr
;MyProject.c,34 :: 		Lcd_out(2,1,"Segundos: ");
0x07A0	0x0E02      	MOVLW       2
0x07A2	0x6E40      	MOVWF       FARG_Lcd_Out_row 
0x07A4	0x0E01      	MOVLW       1
0x07A6	0x6E41      	MOVWF       FARG_Lcd_Out_column 
0x07A8	0x0E1F      	MOVLW       ?lstr1_MyProject
0x07AA	0x6E42      	MOVWF       FARG_Lcd_Out_text 
0x07AC	0x0E00      	MOVLW       hi_addr(?lstr1_MyProject)
0x07AE	0x6E43      	MOVWF       FARG_Lcd_Out_text+1 
0x07B0	0xDF2C      	RCALL       _Lcd_Out
;MyProject.c,35 :: 		Lcd_out(2,10,palavra);
0x07B2	0x0E02      	MOVLW       2
0x07B4	0x6E40      	MOVWF       FARG_Lcd_Out_row 
0x07B6	0x0E0A      	MOVLW       10
0x07B8	0x6E41      	MOVWF       FARG_Lcd_Out_column 
0x07BA	0x0E2C      	MOVLW       main_palavra_L0
0x07BC	0x6E42      	MOVWF       FARG_Lcd_Out_text 
0x07BE	0x0E00      	MOVLW       hi_addr(main_palavra_L0)
0x07C0	0x6E43      	MOVWF       FARG_Lcd_Out_text+1 
0x07C2	0xDF23      	RCALL       _Lcd_Out
;MyProject.c,36 :: 		contadorMinutos = ADC_READ(1) * 0.098;
0x07C4	0x0E01      	MOVLW       1
0x07C6	0x6E40      	MOVWF       FARG_ADC_Read_channel 
0x07C8	0xDDD1      	RCALL       _ADC_Read
0x07CA	0xDF5C      	RCALL       _word2double
0x07CC	0x0E39      	MOVLW       57
0x07CE	0x6E04      	MOVWF       R4 
0x07D0	0x0EB4      	MOVLW       180
0x07D2	0x6E05      	MOVWF       R5 
0x07D4	0x0E48      	MOVLW       72
0x07D6	0x6E06      	MOVWF       R6 
0x07D8	0x0E7B      	MOVLW       123
0x07DA	0x6E07      	MOVWF       R7 
0x07DC	0xDE1D      	RCALL       _Mul_32x32_FP
0x07DE	0xDEAC      	RCALL       _double2int
0x07E0	0xF03EC000  	MOVFF       R0, main_contadorMinutos_L0
0x07E4	0xF03FC001  	MOVFF       R1, main_contadorMinutos_L0+1
;MyProject.c,37 :: 		WordToStr(contadorMinutos,palavra2);
0x07E8	0xF040C000  	MOVFF       R0, FARG_WordToStr_input
0x07EC	0xF041C001  	MOVFF       R1, FARG_WordToStr_input+1
0x07F0	0x0E32      	MOVLW       main_palavra2_L0
0x07F2	0x6E42      	MOVWF       FARG_WordToStr_output 
0x07F4	0x0E00      	MOVLW       hi_addr(main_palavra2_L0)
0x07F6	0x6E43      	MOVWF       FARG_WordToStr_output+1 
0x07F8	0xDF59      	RCALL       _WordToStr
;MyProject.c,38 :: 		Lcd_out(1,1,"Minutos: ");
0x07FA	0x0E01      	MOVLW       1
0x07FC	0x6E40      	MOVWF       FARG_Lcd_Out_row 
0x07FE	0x0E01      	MOVLW       1
0x0800	0x6E41      	MOVWF       FARG_Lcd_Out_column 
0x0802	0x0E15      	MOVLW       ?lstr2_MyProject
0x0804	0x6E42      	MOVWF       FARG_Lcd_Out_text 
0x0806	0x0E00      	MOVLW       hi_addr(?lstr2_MyProject)
0x0808	0x6E43      	MOVWF       FARG_Lcd_Out_text+1 
0x080A	0xDEFF      	RCALL       _Lcd_Out
;MyProject.c,39 :: 		Lcd_out(1,10,palavra2);
0x080C	0x0E01      	MOVLW       1
0x080E	0x6E40      	MOVWF       FARG_Lcd_Out_row 
0x0810	0x0E0A      	MOVLW       10
0x0812	0x6E41      	MOVWF       FARG_Lcd_Out_column 
0x0814	0x0E32      	MOVLW       main_palavra2_L0
0x0816	0x6E42      	MOVWF       FARG_Lcd_Out_text 
0x0818	0x0E00      	MOVLW       hi_addr(main_palavra2_L0)
0x081A	0x6E43      	MOVWF       FARG_Lcd_Out_text+1 
0x081C	0xDEF6      	RCALL       _Lcd_Out
;MyProject.c,40 :: 		if (BUTTON(&PORTB,1,1,0)){
0x081E	0x0E81      	MOVLW       PORTB
0x0820	0x6E40      	MOVWF       FARG_Button_port 
0x0822	0x0E0F      	MOVLW       hi_addr(PORTB)
0x0824	0x6E41      	MOVWF       FARG_Button_port+1 
0x0826	0x0E01      	MOVLW       1
0x0828	0x6E42      	MOVWF       FARG_Button_pin 
0x082A	0x0E01      	MOVLW       1
0x082C	0x6E43      	MOVWF       FARG_Button_time_ms 
0x082E	0x6A44      	CLRF        FARG_Button_active_state 
0x0830	0xDDBC      	RCALL       _Button
0x0832	0x5200      	MOVF        R0, 1 
0x0834	0xB4D8      	BTFSC       STATUS, 2 
0x0836	0xD08F      	BRA         L_main2
;MyProject.c,41 :: 		Pwm1_Set_Duty(255);
0x0838	0x0EFF      	MOVLW       255
0x083A	0x6E40      	MOVWF       FARG_PWM1_Set_Duty_new_duty 
0x083C	0xDD05      	RCALL       _PWM1_Set_Duty
;MyProject.c,42 :: 		TMR0L = 0x18;
0x083E	0x0E18      	MOVLW       24
0x0840	0x6ED6      	MOVWF       TMR0L 
;MyProject.c,43 :: 		TMR0H = 0xC6;
0x0842	0x0EC6      	MOVLW       198
0x0844	0x6ED7      	MOVWF       TMR0H 
;MyProject.c,44 :: 		T0CON = 0b10000110;
0x0846	0x0E86      	MOVLW       134
0x0848	0x6ED5      	MOVWF       T0CON 
;MyProject.c,45 :: 		while (contadorMinutos >=0){
L_main3:
0x084A	0x0E80      	MOVLW       128
0x084C	0x183F      	XORWF       main_contadorMinutos_L0+1, 0 
0x084E	0x6E00      	MOVWF       R0 
0x0850	0x0E80      	MOVLW       128
0x0852	0x5C00      	SUBWF       R0, 0 
0x0854	0xE102      	BNZ         L__main14
0x0856	0x0E00      	MOVLW       0
0x0858	0x5C3E      	SUBWF       main_contadorMinutos_L0, 0 
L__main14:
0x085A	0xA0D8      	BTFSS       STATUS, 0 
0x085C	0xD06F      	BRA         L_main4
;MyProject.c,46 :: 		while (contadorSegundos <= validaSegundos){
L_main5:
0x085E	0x0E80      	MOVLW       128
0x0860	0x183D      	XORWF       main_validaSegundos_L0+1, 0 
0x0862	0x6E00      	MOVWF       R0 
0x0864	0x0E80      	MOVLW       128
0x0866	0x1839      	XORWF       main_contadorSegundos_L0+1, 0 
0x0868	0x5C00      	SUBWF       R0, 0 
0x086A	0xE102      	BNZ         L__main15
0x086C	0x5038      	MOVF        main_contadorSegundos_L0, 0 
0x086E	0x5C3C      	SUBWF       main_validaSegundos_L0, 0 
L__main15:
0x0870	0xE32F      	BNC         L_main6
;MyProject.c,47 :: 		if (BUTTON(&PORTB,3,1,0)){
0x0872	0x0E81      	MOVLW       PORTB
0x0874	0x6E40      	MOVWF       FARG_Button_port 
0x0876	0x0E0F      	MOVLW       hi_addr(PORTB)
0x0878	0x6E41      	MOVWF       FARG_Button_port+1 
0x087A	0x0E03      	MOVLW       3
0x087C	0x6E42      	MOVWF       FARG_Button_pin 
0x087E	0x0E01      	MOVLW       1
0x0880	0x6E43      	MOVWF       FARG_Button_time_ms 
0x0882	0x6A44      	CLRF        FARG_Button_active_state 
0x0884	0xDD92      	RCALL       _Button
0x0886	0x5200      	MOVF        R0, 1 
0x0888	0xE005      	BZ          L_main7
;MyProject.c,48 :: 		interrompe=1;
0x088A	0x0E01      	MOVLW       1
0x088C	0x6E3A      	MOVWF       main_interrompe_L0 
0x088E	0x0E00      	MOVLW       0
0x0890	0x6E3B      	MOVWF       main_interrompe_L0+1 
;MyProject.c,49 :: 		break;   //utilizei o break porque o comando operaes lgicas no funcionam em laos no mikroC
0x0892	0xD01E      	BRA         L_main6
;MyProject.c,50 :: 		}
L_main7:
;MyProject.c,51 :: 		if (intcon.tmr0if == 1){
0x0894	0xA4F2      	BTFSS       INTCON, 2 
0x0896	0xD01B      	BRA         L_main8
;MyProject.c,52 :: 		contadorSegundos = contadorSegundos +1;
0x0898	0x4A38      	INFSNZ      main_contadorSegundos_L0, 1 
0x089A	0x2A39      	INCF        main_contadorSegundos_L0+1, 1 
;MyProject.c,53 :: 		WordToStr((validaSegundos -contadorSegundos),palavra);
0x089C	0x5038      	MOVF        main_contadorSegundos_L0, 0 
0x089E	0x5C3C      	SUBWF       main_validaSegundos_L0, 0 
0x08A0	0x6E40      	MOVWF       FARG_WordToStr_input 
0x08A2	0x5039      	MOVF        main_contadorSegundos_L0+1, 0 
0x08A4	0x583D      	SUBWFB      main_validaSegundos_L0+1, 0 
0x08A6	0x6E41      	MOVWF       FARG_WordToStr_input+1 
0x08A8	0x0E2C      	MOVLW       main_palavra_L0
0x08AA	0x6E42      	MOVWF       FARG_WordToStr_output 
0x08AC	0x0E00      	MOVLW       hi_addr(main_palavra_L0)
0x08AE	0x6E43      	MOVWF       FARG_WordToStr_output+1 
0x08B0	0xDEFD      	RCALL       _WordToStr
;MyProject.c,54 :: 		Lcd_out(2,10,palavra);
0x08B2	0x0E02      	MOVLW       2
0x08B4	0x6E40      	MOVWF       FARG_Lcd_Out_row 
0x08B6	0x0E0A      	MOVLW       10
0x08B8	0x6E41      	MOVWF       FARG_Lcd_Out_column 
0x08BA	0x0E2C      	MOVLW       main_palavra_L0
0x08BC	0x6E42      	MOVWF       FARG_Lcd_Out_text 
0x08BE	0x0E00      	MOVLW       hi_addr(main_palavra_L0)
0x08C0	0x6E43      	MOVWF       FARG_Lcd_Out_text+1 
0x08C2	0xDEA3      	RCALL       _Lcd_Out
;MyProject.c,55 :: 		TMR0L = 0x18;
0x08C4	0x0E18      	MOVLW       24
0x08C6	0x6ED6      	MOVWF       TMR0L 
;MyProject.c,56 :: 		TMR0H = 0xC6;
0x08C8	0x0EC6      	MOVLW       198
0x08CA	0x6ED7      	MOVWF       TMR0H 
;MyProject.c,57 :: 		intcon.tmr0if =0;
0x08CC	0x94F2      	BCF         INTCON, 2 
;MyProject.c,58 :: 		}
L_main8:
;MyProject.c,59 :: 		}
0x08CE	0xD7C7      	BRA         L_main5
L_main6:
;MyProject.c,60 :: 		if (interrompe==1){
0x08D0	0x0E00      	MOVLW       0
0x08D2	0x183B      	XORWF       main_interrompe_L0+1, 0 
0x08D4	0xE102      	BNZ         L__main16
0x08D6	0x0E01      	MOVLW       1
0x08D8	0x183A      	XORWF       main_interrompe_L0, 0 
L__main16:
0x08DA	0xE101      	BNZ         L_main9
;MyProject.c,61 :: 		break;
0x08DC	0xD02F      	BRA         L_main4
;MyProject.c,62 :: 		}
L_main9:
;MyProject.c,63 :: 		contadorSegundos = 0;
0x08DE	0x6A38      	CLRF        main_contadorSegundos_L0 
0x08E0	0x6A39      	CLRF        main_contadorSegundos_L0+1 
;MyProject.c,64 :: 		validaSegundos = 59;
0x08E2	0x0E3B      	MOVLW       59
0x08E4	0x6E3C      	MOVWF       main_validaSegundos_L0 
0x08E6	0x0E00      	MOVLW       0
0x08E8	0x6E3D      	MOVWF       main_validaSegundos_L0+1 
;MyProject.c,65 :: 		contadorMinutos = contadorMinutos-1;
0x08EA	0x0E01      	MOVLW       1
0x08EC	0x5E3E      	SUBWF       main_contadorMinutos_L0, 1 
0x08EE	0x0E00      	MOVLW       0
0x08F0	0x5A3F      	SUBWFB      main_contadorMinutos_L0+1, 1 
;MyProject.c,66 :: 		WordToStr(contadorMinutos,palavra2);
0x08F2	0xF040C03E  	MOVFF       main_contadorMinutos_L0, FARG_WordToStr_input
0x08F6	0xF041C03F  	MOVFF       main_contadorMinutos_L0+1, FARG_WordToStr_input+1
0x08FA	0x0E32      	MOVLW       main_palavra2_L0
0x08FC	0x6E42      	MOVWF       FARG_WordToStr_output 
0x08FE	0x0E00      	MOVLW       hi_addr(main_palavra2_L0)
0x0900	0x6E43      	MOVWF       FARG_WordToStr_output+1 
0x0902	0xDED4      	RCALL       _WordToStr
;MyProject.c,67 :: 		Lcd_out(1,10,palavra2);
0x0904	0x0E01      	MOVLW       1
0x0906	0x6E40      	MOVWF       FARG_Lcd_Out_row 
0x0908	0x0E0A      	MOVLW       10
0x090A	0x6E41      	MOVWF       FARG_Lcd_Out_column 
0x090C	0x0E32      	MOVLW       main_palavra2_L0
0x090E	0x6E42      	MOVWF       FARG_Lcd_Out_text 
0x0910	0x0E00      	MOVLW       hi_addr(main_palavra2_L0)
0x0912	0x6E43      	MOVWF       FARG_Lcd_Out_text+1 
0x0914	0xDE7A      	RCALL       _Lcd_Out
;MyProject.c,68 :: 		WordToStr(validaSegundos,palavra);
0x0916	0xF040C03C  	MOVFF       main_validaSegundos_L0, FARG_WordToStr_input
0x091A	0xF041C03D  	MOVFF       main_validaSegundos_L0+1, FARG_WordToStr_input+1
0x091E	0x0E2C      	MOVLW       main_palavra_L0
0x0920	0x6E42      	MOVWF       FARG_WordToStr_output 
0x0922	0x0E00      	MOVLW       hi_addr(main_palavra_L0)
0x0924	0x6E43      	MOVWF       FARG_WordToStr_output+1 
0x0926	0xDEC2      	RCALL       _WordToStr
;MyProject.c,69 :: 		Lcd_out(2,10,palavra);
0x0928	0x0E02      	MOVLW       2
0x092A	0x6E40      	MOVWF       FARG_Lcd_Out_row 
0x092C	0x0E0A      	MOVLW       10
0x092E	0x6E41      	MOVWF       FARG_Lcd_Out_column 
0x0930	0x0E2C      	MOVLW       main_palavra_L0
0x0932	0x6E42      	MOVWF       FARG_Lcd_Out_text 
0x0934	0x0E00      	MOVLW       hi_addr(main_palavra_L0)
0x0936	0x6E43      	MOVWF       FARG_Lcd_Out_text+1 
0x0938	0xDE68      	RCALL       _Lcd_Out
;MyProject.c,70 :: 		}
0x093A	0xD787      	BRA         L_main3
L_main4:
;MyProject.c,72 :: 		if (interrompe == 0){
0x093C	0x0E00      	MOVLW       0
0x093E	0x183B      	XORWF       main_interrompe_L0+1, 0 
0x0940	0xE102      	BNZ         L__main17
0x0942	0x0E00      	MOVLW       0
0x0944	0x183A      	XORWF       main_interrompe_L0, 0 
L__main17:
0x0946	0xE103      	BNZ         L_main10
;MyProject.c,73 :: 		PORTC = 255;
0x0948	0x0EFF      	MOVLW       255
0x094A	0x6E82      	MOVWF       PORTC 
;MyProject.c,74 :: 		}else{
0x094C	0xD002      	BRA         L_main11
L_main10:
;MyProject.c,75 :: 		interrompe =0;
0x094E	0x6A3A      	CLRF        main_interrompe_L0 
0x0950	0x6A3B      	CLRF        main_interrompe_L0+1 
;MyProject.c,76 :: 		}
L_main11:
;MyProject.c,77 :: 		contadorSegundos = 0;
0x0952	0x6A38      	CLRF        main_contadorSegundos_L0 
0x0954	0x6A39      	CLRF        main_contadorSegundos_L0+1 
;MyProject.c,79 :: 		}
L_main2:
;MyProject.c,80 :: 		if (BUTTON(&PORTB,2,1,0)){
0x0956	0x0E81      	MOVLW       PORTB
0x0958	0x6E40      	MOVWF       FARG_Button_port 
0x095A	0x0E0F      	MOVLW       hi_addr(PORTB)
0x095C	0x6E41      	MOVWF       FARG_Button_port+1 
0x095E	0x0E02      	MOVLW       2
0x0960	0x6E42      	MOVWF       FARG_Button_pin 
0x0962	0x0E01      	MOVLW       1
0x0964	0x6E43      	MOVWF       FARG_Button_time_ms 
0x0966	0x6A44      	CLRF        FARG_Button_active_state 
0x0968	0xDD20      	RCALL       _Button
0x096A	0x5200      	MOVF        R0, 1 
0x096C	0xA4D8      	BTFSS       STATUS, 2 
;MyProject.c,81 :: 		PORTC = 0;
0x096E	0x6A82      	CLRF        PORTC 
;MyProject.c,82 :: 		}
L_main12:
;MyProject.c,83 :: 		}
0x0970	0xD6FB      	BRA         L_main0
;MyProject.c,85 :: 		}
L_end_main:
0x0972	0xD7FF      	BRA         $+0
; end of _main
0x098A	0xF015EE10  	LFSR        1, 21
0x098E	0x0E16      	MOVLW       22
0x0990	0x6E00      	MOVWF       R0 
0x0992	0x0E01      	MOVLW       1
0x0994	0x6E01      	MOVWF       R1 
0x0996	0x0E74      	MOVLW       116
0x0998	0x6EF6      	MOVWF       TBLPTR 
0x099A	0x0E09      	MOVLW       9
0x099C	0x6EF7      	MOVWF       TBLPTRH 
0x099E	0x0E00      	MOVLW       0
0x09A0	0x6EF8      	MOVWF       TBLPTRU 
0x09A2	0xF001ECA5  	CALL        842, 0
0x09A6	0x0012      	RETURN      0
;MyProject.c,0 :: ?ICS?lstr2_MyProject
0x0974	0x694D ;?ICS?lstr2_MyProject+0
0x0976	0x756E ;?ICS?lstr2_MyProject+2
0x0978	0x6F74 ;?ICS?lstr2_MyProject+4
0x097A	0x3A73 ;?ICS?lstr2_MyProject+6
0x097C	0x0020 ;?ICS?lstr2_MyProject+8
; end of ?ICS?lstr2_MyProject
;MyProject.c,0 :: ?ICS?lstr1_MyProject
0x097E	0x6553 ;?ICS?lstr1_MyProject+0
0x0980	0x7567 ;?ICS?lstr1_MyProject+2
0x0982	0x646E ;?ICS?lstr1_MyProject+4
0x0984	0x736F ;?ICS?lstr1_MyProject+6
0x0986	0x203A ;?ICS?lstr1_MyProject+8
0x0988	0x00 ;?ICS?lstr1_MyProject+10
; end of ?ICS?lstr1_MyProject
;__Lib_ADC_A_D.c,0 :: ?ICS_vref_mask
0x0989	0x30 ;?ICS_vref_mask+0
; end of ?ICS_vref_mask
Symbol List:
//** Routines locations **
//ADDRESS    SIZE    PROCEDURE
//----------------------------------------------
0x001C      [22]    _Delay_5500us
0x0032       [6]    _Delay_1us
0x0038      [10]    _Delay_50us
0x0042       [8]    _FIXSIGN32
0x004A      [14]    _RES032
0x0058      [26]    _SETFUN32
0x0072     [124]    _Lcd_Cmd
0x00EE      [24]    _SETFOV32
0x0106      [22]    _Delay_500us
0x011C      [12]    _Delay_22us
0x0128      [54]    _Div_16X16_U
0x015E      [28]    _SETIOV3224
0x017A     [114]    _NRM3232
0x01EC      [12]    _Lcd_Chr_CP
0x01F8      [80]    _Mul_16X16_U
0x0248     [108]    _PWM1_Set_Duty
0x02B4     [150]    _Lcd_Init
0x034A      [16]    ___CC2DW
0x035A       [8]    _PWM1_Init
0x0362      [10]    _PWM1_Start
0x036C      [62]    _ADC_Read
0x03AA     [110]    _Button
0x0418     [288]    _Mul_32x32_FP
0x0538     [210]    _double2int
0x060A     [122]    _Lcd_Out
0x0684      [40]    _word2double
0x06AC     [144]    _WordToStr
0x073C     [568]    _main
//** Variables locations ** 
//ADDRESS    SIZE    VARIABLE
//----------------------------------------------
0x0000       [1]    R0
0x0001       [1]    __Lib_Conversions_Adjust_Hex_tmp_L0
0x0001       [1]    R1
0x0002       [2]    memchr_s_L0
0x0002       [1]    R2
0x0002       [2]    memset_pp_L0
0x0002       [2]    strlen_cp_L0
0x0002       [2]    memcpy_dd_L0
0x0003       [2]    memmove_tt_L0
0x0003       [1]    R3
0x0003       [2]    Ltrim_original_L0
0x0004       [2]    strncat_cp_L0
0x0004       [2]    strncpy_cp_L0
0x0004       [2]    strcat_cp_L0
0x0004       [2]    memcpy_ss_L0
0x0004       [1]    R4
0x0004       [2]    strcpy_cp_L0
0x0005       [2]    LongIntToHex_input_half_L0
0x0005       [1]    R5
0x0005       [2]    LongWordToHex_input_half_L0
0x0005       [2]    memmove_ff_L0
0x0005       [2]    Ltrim_p_L0
0x0006       [1]    R6
0x0007       [1]    R7
0x0008       [1]    R8
0x0009       [1]    R9
0x000A       [1]    R10
0x000B       [1]    R11
0x000C       [1]    R12
0x000D       [1]    R13
0x000E       [1]    R14
0x000F       [1]    R15
0x0010       [1]    R16
0x0011       [1]    R17
0x0012       [1]    R18
0x0013       [1]    R19
0x0014       [1]    R20
0x0015      [10]    ?lstr2_MyProject
0x001F      [11]    ?lstr1_MyProject
0x002A       [1]    _vref_mask
0x002B       [0]    __Lib_Lcd_cmd_status
0x002C       [6]    main_palavra_L0
0x0032       [6]    main_palavra2_L0
0x0038       [2]    main_contadorSegundos_L0
0x003A       [2]    main_interrompe_L0
0x003C       [2]    main_validaSegundos_L0
0x003E       [2]    main_contadorMinutos_L0
0x0040       [1]    FARG_Lcd_Out_row
0x0040       [2]    FARG_WordToStr_input
0x0040       [2]    FARG_Button_port
0x0040       [4]    FARG_PWM1_Init_PWM_Freq
0x0040       [1]    FARG_PWM1_Set_Duty_new_duty
0x0040       [1]    FARG_ADC_Read_channel
0x0041       [1]    FARG_Lcd_Out_column
0x0042       [2]    FARG_WordToStr_output
0x0042       [1]    FARG_Button_pin
0x0042       [2]    FARG_Lcd_Out_text
0x0043       [1]    FARG_Button_time_ms
0x0044       [1]    Lcd_Out_i_L0
0x0044       [1]    FARG_Button_active_state
0x0044       [1]    WordToStr_len_L0
0x0045       [2]    FLOC__WordToStr
0x0045       [1]    Button_pMask_L0
0x0046       [1]    Button_rslt_L0
0x0047       [1]    FARG_Lcd_Chr_CP_out_char
0x0048       [1]    FARG_Lcd_Cmd_out_char
0x0F81       [1]    PORTB
0x0F82       [1]    PORTC
0x0F83       [0]    LCD_D5
0x0F83       [0]    LCD_D4
0x0F83       [0]    LCD_D6
0x0F83       [0]    LCD_D7
0x0F83       [0]    RD4_bit
0x0F83       [0]    RD7_bit
0x0F83       [0]    RD6_bit
0x0F83       [0]    RD5_bit
0x0F84       [0]    RE1_bit
0x0F84       [0]    RE2_bit
0x0F84       [0]    LCD_RS
0x0F84       [0]    LCD_EN
0x0F93       [1]    TRISB
0x0F94       [0]    TRISC2_bit
0x0F94       [1]    TRISC
0x0F95       [0]    LCD_D6_Direction
0x0F95       [0]    TRISD6_bit
0x0F95       [0]    LCD_D7_Direction
0x0F95       [0]    LCD_D5_Direction
0x0F95       [0]    TRISD5_bit
0x0F95       [0]    LCD_D4_Direction
0x0F95       [0]    TRISD4_bit
0x0F95       [0]    TRISD7_bit
0x0F96       [0]    TRISE1_bit
0x0F96       [0]    LCD_RS_Direction
0x0F96       [0]    TRISE2_bit
0x0F96       [0]    LCD_EN_Direction
0x0FBD       [1]    CCP1CON
0x0FBE       [1]    CCPR1L
0x0FC0       [1]    ADCON2
0x0FC1       [1]    ADCON1
0x0FC2       [1]    ADCON0
0x0FC3       [1]    ADRESL
0x0FC4       [1]    ADRESH
0x0FCA       [1]    T2CON
0x0FCB       [1]    PR2
0x0FD5       [1]    T0CON
0x0FD6       [1]    TMR0L
0x0FD7       [1]    TMR0H
0x0FD8       [1]    STATUS
0x0FD9       [1]    FSR2L
0x0FDA       [1]    FSR2H
0x0FDE       [1]    POSTINC2
0x0FE0       [1]    BSR
0x0FE1       [1]    FSR1L
0x0FE2       [1]    FSR1H
0x0FE4       [1]    PREINC1
0x0FE6       [1]    POSTINC1
0x0FE7       [1]    INDF1
0x0FE8       [1]    WREG
0x0FE9       [1]    FSR0L
0x0FEA       [1]    FSR0H
0x0FEE       [1]    POSTINC0
0x0FF2       [1]    INTCON
0x0FF3       [1]    PRODL
0x0FF4       [1]    PRODH
0x0FF5       [1]    TABLAT
0x0FF6       [3]    TBLPTR
0x0FF6       [1]    TBLPTRL
0x0FF7       [1]    TBLPTRH
0x0FF8       [1]    TBLPTRU
//** Constants locations ** 
//ADDRESS    SIZE    CONSTANT
//----------------------------------------------
0x0974      [10]    ?ICS?lstr2_MyProject
0x097E      [11]    ?ICS?lstr1_MyProject
0x0989       [1]    ?ICS_vref_mask
